0 info it worked if it ends with ok
1 verbose cli [ '/usr/bin/node', '/usr/bin/npm', 'i' ]
2 info using npm@3.5.2
3 info using node@v8.10.0
4 silly loadCurrentTree Starting
5 silly install loadCurrentTree
6 silly install readLocalPackageData
7 silly install normalizeTree
8 silly loadCurrentTree Finishing
9 silly loadIdealTree Starting
10 silly install loadIdealTree
11 silly cloneCurrentTree Starting
12 silly install cloneCurrentTreeToIdealTree
13 silly cloneCurrentTree Finishing
14 silly loadShrinkwrap Starting
15 silly install loadShrinkwrap
16 silly loadShrinkwrap Finishing
17 silly loadAllDepsIntoIdealTree Starting
18 silly install loadAllDepsIntoIdealTree
19 silly fetchNamedPackageData fsevents
20 silly mapToRegistry name fsevents
21 silly mapToRegistry using default registry
22 silly mapToRegistry registry https://registry.npmjs.org/
23 silly mapToRegistry uri https://registry.npmjs.org/fsevents
24 verbose request uri https://registry.npmjs.org/fsevents
25 verbose request no auth needed
26 info attempt registry request try #1 at 11:59:10
27 verbose request id 5a75dadb3fd1f102
28 verbose etag W/"ec8d4eb97c775f79ec6d0bc1c3ba6d4f"
29 verbose lastModified Thu, 16 May 2019 13:28:59 GMT
30 http request GET https://registry.npmjs.org/fsevents
31 http 304 https://registry.npmjs.org/fsevents
32 verbose headers { date: 'Mon, 30 Sep 2019 14:59:11 GMT',
32 verbose headers   connection: 'keep-alive',
32 verbose headers   'set-cookie':
32 verbose headers    [ '__cfduid=d553717a72370314d151faf41334f04981569855551; expires=Tue, 29-Sep-20 14:59:11 GMT; path=/; domain=.npmjs.org; HttpOnly' ],
32 verbose headers   'cf-cache-status': 'HIT',
32 verbose headers   'cache-control': 'max-age=300',
32 verbose headers   'cf-ray': '51e70f29cdb4e084-FOR',
32 verbose headers   age: '5648',
32 verbose headers   etag: '"ec8d4eb97c775f79ec6d0bc1c3ba6d4f"',
32 verbose headers   'expect-ct': 'max-age=604800, report-uri="https://report-uri.cloudflare.com/cdn-cgi/beacon/expect-ct"',
32 verbose headers   'last-modified': 'Thu, 16 May 2019 13:28:59 GMT',
32 verbose headers   vary: 'accept-encoding, accept',
32 verbose headers   'x-amz-meta-rev': '163-88b33b9d24ebf2da96a4e2240471bf23',
32 verbose headers   server: 'cloudflare' }
33 silly get cb [ 304,
33 silly get   { date: 'Mon, 30 Sep 2019 14:59:11 GMT',
33 silly get     connection: 'keep-alive',
33 silly get     'set-cookie':
33 silly get      [ '__cfduid=d553717a72370314d151faf41334f04981569855551; expires=Tue, 29-Sep-20 14:59:11 GMT; path=/; domain=.npmjs.org; HttpOnly' ],
33 silly get     'cf-cache-status': 'HIT',
33 silly get     'cache-control': 'max-age=300',
33 silly get     'cf-ray': '51e70f29cdb4e084-FOR',
33 silly get     age: '5648',
33 silly get     etag: '"ec8d4eb97c775f79ec6d0bc1c3ba6d4f"',
33 silly get     'expect-ct': 'max-age=604800, report-uri="https://report-uri.cloudflare.com/cdn-cgi/beacon/expect-ct"',
33 silly get     'last-modified': 'Thu, 16 May 2019 13:28:59 GMT',
33 silly get     vary: 'accept-encoding, accept',
33 silly get     'x-amz-meta-rev': '163-88b33b9d24ebf2da96a4e2240471bf23',
33 silly get     server: 'cloudflare' } ]
34 verbose etag https://registry.npmjs.org/fsevents from cache
35 verbose get saving fsevents to /home/aluno/.npm/registry.npmjs.org/fsevents/.cache.json
36 silly resolveWithNewModule fsevents@1.2.9 checking installable status
37 silly loadAllDepsIntoIdealTree Finishing
38 silly idealTree:prePrune tarefas-api@0.0.1
38 silly idealTree:prePrune ├── @babel/code-frame@7.5.5
38 silly idealTree:prePrune ├─┬ @babel/core@7.6.2
38 silly idealTree:prePrune │ ├── debug@4.1.1
38 silly idealTree:prePrune │ ├── json5@2.1.0
38 silly idealTree:prePrune │ ├── minimist@1.2.0
38 silly idealTree:prePrune │ └── ms@2.1.2
38 silly idealTree:prePrune ├─┬ @babel/generator@7.6.2
38 silly idealTree:prePrune │ └── jsesc@2.5.2
38 silly idealTree:prePrune ├── @babel/helper-annotate-as-pure@7.0.0
38 silly idealTree:prePrune ├── @babel/helper-builder-binary-assignment-operator-visitor@7.1.0
38 silly idealTree:prePrune ├── @babel/helper-call-delegate@7.4.4
38 silly idealTree:prePrune ├── @babel/helper-create-class-features-plugin@7.6.0
38 silly idealTree:prePrune ├── @babel/helper-define-map@7.5.5
38 silly idealTree:prePrune ├── @babel/helper-explode-assignable-expression@7.1.0
38 silly idealTree:prePrune ├── @babel/helper-function-name@7.1.0
38 silly idealTree:prePrune ├── @babel/helper-get-function-arity@7.0.0
38 silly idealTree:prePrune ├── @babel/helper-hoist-variables@7.4.4
38 silly idealTree:prePrune ├── @babel/helper-member-expression-to-functions@7.5.5
38 silly idealTree:prePrune ├── @babel/helper-module-imports@7.0.0
38 silly idealTree:prePrune ├── @babel/helper-module-transforms@7.5.5
38 silly idealTree:prePrune ├── @babel/helper-optimise-call-expression@7.0.0
38 silly idealTree:prePrune ├── @babel/helper-plugin-utils@7.0.0
38 silly idealTree:prePrune ├── @babel/helper-regex@7.5.5
38 silly idealTree:prePrune ├── @babel/helper-remap-async-to-generator@7.1.0
38 silly idealTree:prePrune ├── @babel/helper-replace-supers@7.5.5
38 silly idealTree:prePrune ├── @babel/helper-simple-access@7.1.0
38 silly idealTree:prePrune ├── @babel/helper-split-export-declaration@7.4.4
38 silly idealTree:prePrune ├── @babel/helper-wrap-function@7.2.0
38 silly idealTree:prePrune ├── @babel/helpers@7.6.2
38 silly idealTree:prePrune ├─┬ @babel/highlight@7.5.0
38 silly idealTree:prePrune │ ├── ansi-styles@3.2.1
38 silly idealTree:prePrune │ ├── chalk@2.4.2
38 silly idealTree:prePrune │ ├── js-tokens@4.0.0
38 silly idealTree:prePrune │ └── supports-color@5.5.0
38 silly idealTree:prePrune ├── @babel/parser@7.6.2
38 silly idealTree:prePrune ├── @babel/plugin-proposal-async-generator-functions@7.2.0
38 silly idealTree:prePrune ├── @babel/plugin-proposal-class-properties@7.5.5
38 silly idealTree:prePrune ├── @babel/plugin-proposal-dynamic-import@7.5.0
38 silly idealTree:prePrune ├── @babel/plugin-proposal-json-strings@7.2.0
38 silly idealTree:prePrune ├── @babel/plugin-proposal-object-rest-spread@7.6.2
38 silly idealTree:prePrune ├── @babel/plugin-proposal-optional-catch-binding@7.2.0
38 silly idealTree:prePrune ├─┬ @babel/plugin-proposal-unicode-property-regex@7.6.2
38 silly idealTree:prePrune │ ├── jsesc@0.5.0
38 silly idealTree:prePrune │ ├── regexpu-core@4.6.0
38 silly idealTree:prePrune │ ├── regjsgen@0.5.0
38 silly idealTree:prePrune │ └── regjsparser@0.6.0
38 silly idealTree:prePrune ├── @babel/plugin-syntax-async-generators@7.2.0
38 silly idealTree:prePrune ├── @babel/plugin-syntax-dynamic-import@7.2.0
38 silly idealTree:prePrune ├── @babel/plugin-syntax-json-strings@7.2.0
38 silly idealTree:prePrune ├── @babel/plugin-syntax-object-rest-spread@7.2.0
38 silly idealTree:prePrune ├── @babel/plugin-syntax-optional-catch-binding@7.2.0
38 silly idealTree:prePrune ├── @babel/plugin-transform-arrow-functions@7.2.0
38 silly idealTree:prePrune ├── @babel/plugin-transform-async-to-generator@7.5.0
38 silly idealTree:prePrune ├── @babel/plugin-transform-block-scoped-functions@7.2.0
38 silly idealTree:prePrune ├── @babel/plugin-transform-block-scoping@7.6.2
38 silly idealTree:prePrune ├─┬ @babel/plugin-transform-classes@7.5.5
38 silly idealTree:prePrune │ └── globals@11.12.0
38 silly idealTree:prePrune ├── @babel/plugin-transform-computed-properties@7.2.0
38 silly idealTree:prePrune ├── @babel/plugin-transform-destructuring@7.6.0
38 silly idealTree:prePrune ├─┬ @babel/plugin-transform-dotall-regex@7.6.2
38 silly idealTree:prePrune │ ├── jsesc@0.5.0
38 silly idealTree:prePrune │ ├── regexpu-core@4.6.0
38 silly idealTree:prePrune │ ├── regjsgen@0.5.0
38 silly idealTree:prePrune │ └── regjsparser@0.6.0
38 silly idealTree:prePrune ├── @babel/plugin-transform-duplicate-keys@7.5.0
38 silly idealTree:prePrune ├── @babel/plugin-transform-exponentiation-operator@7.2.0
38 silly idealTree:prePrune ├── @babel/plugin-transform-for-of@7.4.4
38 silly idealTree:prePrune ├── @babel/plugin-transform-function-name@7.4.4
38 silly idealTree:prePrune ├── @babel/plugin-transform-literals@7.2.0
38 silly idealTree:prePrune ├── @babel/plugin-transform-member-expression-literals@7.2.0
38 silly idealTree:prePrune ├── @babel/plugin-transform-modules-amd@7.5.0
38 silly idealTree:prePrune ├── @babel/plugin-transform-modules-commonjs@7.6.0
38 silly idealTree:prePrune ├── @babel/plugin-transform-modules-systemjs@7.5.0
38 silly idealTree:prePrune ├── @babel/plugin-transform-modules-umd@7.2.0
38 silly idealTree:prePrune ├─┬ @babel/plugin-transform-named-capturing-groups-regex@7.6.2
38 silly idealTree:prePrune │ ├── jsesc@0.5.0
38 silly idealTree:prePrune │ ├── regexpu-core@4.6.0
38 silly idealTree:prePrune │ ├── regjsgen@0.5.0
38 silly idealTree:prePrune │ └── regjsparser@0.6.0
38 silly idealTree:prePrune ├── @babel/plugin-transform-new-target@7.4.4
38 silly idealTree:prePrune ├── @babel/plugin-transform-object-super@7.5.5
38 silly idealTree:prePrune ├── @babel/plugin-transform-parameters@7.4.4
38 silly idealTree:prePrune ├── @babel/plugin-transform-property-literals@7.2.0
38 silly idealTree:prePrune ├─┬ @babel/plugin-transform-regenerator@7.4.5
38 silly idealTree:prePrune │ └── regenerator-transform@0.14.1
38 silly idealTree:prePrune ├── @babel/plugin-transform-reserved-words@7.2.0
38 silly idealTree:prePrune ├── @babel/plugin-transform-shorthand-properties@7.2.0
38 silly idealTree:prePrune ├── @babel/plugin-transform-spread@7.6.2
38 silly idealTree:prePrune ├── @babel/plugin-transform-sticky-regex@7.2.0
38 silly idealTree:prePrune ├── @babel/plugin-transform-template-literals@7.4.4
38 silly idealTree:prePrune ├── @babel/plugin-transform-typeof-symbol@7.2.0
38 silly idealTree:prePrune ├─┬ @babel/plugin-transform-unicode-regex@7.6.2
38 silly idealTree:prePrune │ ├── jsesc@0.5.0
38 silly idealTree:prePrune │ ├── regexpu-core@4.6.0
38 silly idealTree:prePrune │ ├── regjsgen@0.5.0
38 silly idealTree:prePrune │ └── regjsparser@0.6.0
38 silly idealTree:prePrune ├─┬ @babel/polyfill@7.6.0
38 silly idealTree:prePrune │ └── regenerator-runtime@0.13.3
38 silly idealTree:prePrune ├─┬ @babel/preset-env@7.6.2
38 silly idealTree:prePrune │ └── browserslist@4.7.0
38 silly idealTree:prePrune ├─┬ @babel/register@7.6.2
38 silly idealTree:prePrune │ ├── source-map-support@0.5.13
38 silly idealTree:prePrune │ └── source-map@0.6.1
38 silly idealTree:prePrune ├── @babel/template@7.6.0
38 silly idealTree:prePrune ├─┬ @babel/traverse@7.6.2
38 silly idealTree:prePrune │ ├── debug@4.1.1
38 silly idealTree:prePrune │ ├── globals@11.12.0
38 silly idealTree:prePrune │ └── ms@2.1.2
38 silly idealTree:prePrune ├─┬ @babel/types@7.6.1
38 silly idealTree:prePrune │ └── to-fast-properties@2.0.0
38 silly idealTree:prePrune ├── @hapi/accept@3.2.3
38 silly idealTree:prePrune ├── @hapi/address@2.1.2
38 silly idealTree:prePrune ├── @hapi/ammo@3.1.1
38 silly idealTree:prePrune ├── @hapi/b64@4.2.1
38 silly idealTree:prePrune ├── @hapi/basic@5.1.1
38 silly idealTree:prePrune ├── @hapi/boom@7.4.11
38 silly idealTree:prePrune ├── @hapi/bounce@1.3.1
38 silly idealTree:prePrune ├── @hapi/bourne@1.3.2
38 silly idealTree:prePrune ├── @hapi/call@5.1.1
38 silly idealTree:prePrune ├── @hapi/catbox-memory@4.1.1
38 silly idealTree:prePrune ├─┬ @hapi/catbox@10.2.3
38 silly idealTree:prePrune │ └── @hapi/joi@16.1.4
38 silly idealTree:prePrune ├── @hapi/content@4.1.0
38 silly idealTree:prePrune ├── @hapi/cryptiles@4.2.1
38 silly idealTree:prePrune ├── @hapi/file@1.0.0
38 silly idealTree:prePrune ├── @hapi/formula@1.2.0
38 silly idealTree:prePrune ├── @hapi/hapi@18.4.0
38 silly idealTree:prePrune ├─┬ @hapi/heavy@6.2.2
38 silly idealTree:prePrune │ └── @hapi/joi@16.1.4
38 silly idealTree:prePrune ├── @hapi/hoek@8.2.5
38 silly idealTree:prePrune ├── @hapi/iron@5.1.4
38 silly idealTree:prePrune ├── @hapi/joi@15.1.1
38 silly idealTree:prePrune ├── @hapi/mimos@4.1.1
38 silly idealTree:prePrune ├── @hapi/nigel@3.1.1
38 silly idealTree:prePrune ├── @hapi/pez@4.1.1
38 silly idealTree:prePrune ├── @hapi/pinpoint@1.0.2
38 silly idealTree:prePrune ├─┬ @hapi/podium@3.4.2
38 silly idealTree:prePrune │ └── @hapi/joi@16.1.4
38 silly idealTree:prePrune ├─┬ @hapi/shot@4.1.2
38 silly idealTree:prePrune │ └── @hapi/joi@16.1.4
38 silly idealTree:prePrune ├── @hapi/somever@2.1.1
38 silly idealTree:prePrune ├─┬ @hapi/statehood@6.1.2
38 silly idealTree:prePrune │ └── @hapi/joi@16.1.4
38 silly idealTree:prePrune ├── @hapi/subtext@6.1.2
38 silly idealTree:prePrune ├── @hapi/teamwork@3.3.1
38 silly idealTree:prePrune ├── @hapi/topo@3.1.4
38 silly idealTree:prePrune ├── @hapi/vise@3.1.1
38 silly idealTree:prePrune ├── @hapi/wreck@15.1.0
38 silly idealTree:prePrune ├── abbrev@1.1.1
38 silly idealTree:prePrune ├── ajv@6.10.2
38 silly idealTree:prePrune ├─┬ ansi-align@2.0.0
38 silly idealTree:prePrune │ ├── ansi-regex@3.0.0
38 silly idealTree:prePrune │ ├── is-fullwidth-code-point@2.0.0
38 silly idealTree:prePrune │ ├── string-width@2.1.1
38 silly idealTree:prePrune │ └── strip-ansi@4.0.0
38 silly idealTree:prePrune ├── ansi-regex@2.1.1
38 silly idealTree:prePrune ├─┬ anymatch@2.0.0
38 silly idealTree:prePrune │ └── normalize-path@2.1.1
38 silly idealTree:prePrune ├── aproba@1.2.0
38 silly idealTree:prePrune ├── are-we-there-yet@1.1.5
38 silly idealTree:prePrune ├── arr-diff@4.0.0
38 silly idealTree:prePrune ├── arr-flatten@1.1.0
38 silly idealTree:prePrune ├── arr-union@3.1.0
38 silly idealTree:prePrune ├── array-each@1.0.1
38 silly idealTree:prePrune ├── array-slice@1.1.0
38 silly idealTree:prePrune ├── array-unique@0.3.2
38 silly idealTree:prePrune ├── asn1@0.2.4
38 silly idealTree:prePrune ├── assert-plus@1.0.0
38 silly idealTree:prePrune ├── assign-symbols@1.0.0
38 silly idealTree:prePrune ├── async-each@1.0.3
38 silly idealTree:prePrune ├── asynckit@0.4.0
38 silly idealTree:prePrune ├── atob@2.1.2
38 silly idealTree:prePrune ├── aws-sign2@0.7.0
38 silly idealTree:prePrune ├── aws4@1.8.0
38 silly idealTree:prePrune ├── babel-plugin-dynamic-import-node@2.3.0
38 silly idealTree:prePrune ├── balanced-match@1.0.0
38 silly idealTree:prePrune ├─┬ base@0.11.2
38 silly idealTree:prePrune │ ├── define-property@1.0.0
38 silly idealTree:prePrune │ ├── is-accessor-descriptor@1.0.0
38 silly idealTree:prePrune │ ├── is-data-descriptor@1.0.0
38 silly idealTree:prePrune │ └── is-descriptor@1.0.2
38 silly idealTree:prePrune ├── bcrypt-pbkdf@1.0.2
38 silly idealTree:prePrune ├─┬ bcrypt@3.0.6
38 silly idealTree:prePrune │ ├── nan@2.13.2
38 silly idealTree:prePrune │ └── node-pre-gyp@0.12.0
38 silly idealTree:prePrune ├── binary-extensions@1.13.1
38 silly idealTree:prePrune ├── bluebird@3.5.5
38 silly idealTree:prePrune ├─┬ boxen@1.3.0
38 silly idealTree:prePrune │ ├── ansi-regex@3.0.0
38 silly idealTree:prePrune │ ├── ansi-styles@3.2.1
38 silly idealTree:prePrune │ ├── chalk@2.4.2
38 silly idealTree:prePrune │ ├── is-fullwidth-code-point@2.0.0
38 silly idealTree:prePrune │ ├── string-width@2.1.1
38 silly idealTree:prePrune │ ├── strip-ansi@4.0.0
38 silly idealTree:prePrune │ └── supports-color@5.5.0
38 silly idealTree:prePrune ├── brace-expansion@1.1.11
38 silly idealTree:prePrune ├─┬ braces@2.3.2
38 silly idealTree:prePrune │ └── extend-shallow@2.0.1
38 silly idealTree:prePrune ├── buffer-equal-constant-time@1.0.1
38 silly idealTree:prePrune ├── buffer-from@1.1.1
38 silly idealTree:prePrune ├── cache-base@1.0.1
38 silly idealTree:prePrune ├── camelcase@4.1.0
38 silly idealTree:prePrune ├── caniuse-lite@1.0.30000997
38 silly idealTree:prePrune ├── capture-stack-trace@1.0.1
38 silly idealTree:prePrune ├── caseless@0.12.0
38 silly idealTree:prePrune ├── cast-array@1.0.1
38 silly idealTree:prePrune ├── chokidar@2.1.8
38 silly idealTree:prePrune ├── chownr@1.1.3
38 silly idealTree:prePrune ├── ci-info@1.6.0
38 silly idealTree:prePrune ├─┬ class-utils@0.3.6
38 silly idealTree:prePrune │ └── define-property@0.2.5
38 silly idealTree:prePrune ├── cli-boxes@1.0.0
38 silly idealTree:prePrune ├── code-point-at@1.1.0
38 silly idealTree:prePrune ├── collection-visit@1.0.0
38 silly idealTree:prePrune ├── color-convert@1.9.3
38 silly idealTree:prePrune ├── color-name@1.1.3
38 silly idealTree:prePrune ├── colorette@1.1.0
38 silly idealTree:prePrune ├── combined-stream@1.0.8
38 silly idealTree:prePrune ├── commander@3.0.2
38 silly idealTree:prePrune ├── commondir@1.0.1
38 silly idealTree:prePrune ├── component-emitter@1.3.0
38 silly idealTree:prePrune ├── concat-map@0.0.1
38 silly idealTree:prePrune ├── configstore@3.1.2
38 silly idealTree:prePrune ├── console-control-strings@1.1.0
38 silly idealTree:prePrune ├── convert-source-map@1.6.0
38 silly idealTree:prePrune ├── cookie@0.3.1
38 silly idealTree:prePrune ├── copy-descriptor@0.1.1
38 silly idealTree:prePrune ├─┬ core-js-compat@3.2.1
38 silly idealTree:prePrune │ ├── browserslist@4.7.0
38 silly idealTree:prePrune │ └── semver@6.3.0
38 silly idealTree:prePrune ├── core-js@2.6.9
38 silly idealTree:prePrune ├── core-util-is@1.0.2
38 silly idealTree:prePrune ├── create-error-class@3.0.2
38 silly idealTree:prePrune ├── cross-spawn@5.1.0
38 silly idealTree:prePrune ├── crypto-random-string@1.0.0
38 silly idealTree:prePrune ├── dashdash@1.14.1
38 silly idealTree:prePrune ├── debug@2.6.9
38 silly idealTree:prePrune ├── decode-uri-component@0.2.0
38 silly idealTree:prePrune ├── deep-extend@0.6.0
38 silly idealTree:prePrune ├── define-properties@1.1.3
38 silly idealTree:prePrune ├─┬ define-property@2.0.2
38 silly idealTree:prePrune │ ├── is-accessor-descriptor@1.0.0
38 silly idealTree:prePrune │ ├── is-data-descriptor@1.0.0
38 silly idealTree:prePrune │ └── is-descriptor@1.0.2
38 silly idealTree:prePrune ├── delayed-stream@1.0.0
38 silly idealTree:prePrune ├── delegates@1.0.0
38 silly idealTree:prePrune ├── detect-file@1.0.0
38 silly idealTree:prePrune ├── detect-libc@1.0.3
38 silly idealTree:prePrune ├── dot-prop@4.2.0
38 silly idealTree:prePrune ├── duplexer3@0.1.4
38 silly idealTree:prePrune ├── ecc-jsbn@0.1.2
38 silly idealTree:prePrune ├── ecdsa-sig-formatter@1.0.11
38 silly idealTree:prePrune ├── electron-to-chromium@1.3.269
38 silly idealTree:prePrune ├── escape-string-regexp@1.0.5
38 silly idealTree:prePrune ├── esutils@2.0.3
38 silly idealTree:prePrune ├── execa@0.7.0
38 silly idealTree:prePrune ├─┬ expand-brackets@2.1.4
38 silly idealTree:prePrune │ ├── define-property@0.2.5
38 silly idealTree:prePrune │ └── extend-shallow@2.0.1
38 silly idealTree:prePrune ├── expand-tilde@2.0.2
38 silly idealTree:prePrune ├─┬ extend-shallow@3.0.2
38 silly idealTree:prePrune │ └── is-extendable@1.0.1
38 silly idealTree:prePrune ├── extend@3.0.2
38 silly idealTree:prePrune ├─┬ extglob@2.0.4
38 silly idealTree:prePrune │ ├── define-property@1.0.0
38 silly idealTree:prePrune │ ├── extend-shallow@2.0.1
38 silly idealTree:prePrune │ ├── is-accessor-descriptor@1.0.0
38 silly idealTree:prePrune │ ├── is-data-descriptor@1.0.0
38 silly idealTree:prePrune │ └── is-descriptor@1.0.2
38 silly idealTree:prePrune ├── extsprintf@1.3.0
38 silly idealTree:prePrune ├── fast-deep-equal@2.0.1
38 silly idealTree:prePrune ├── fast-json-stable-stringify@2.0.0
38 silly idealTree:prePrune ├─┬ fill-range@4.0.0
38 silly idealTree:prePrune │ └── extend-shallow@2.0.1
38 silly idealTree:prePrune ├─┬ find-cache-dir@2.1.0
38 silly idealTree:prePrune │ ├── make-dir@2.1.0
38 silly idealTree:prePrune │ └── pify@4.0.1
38 silly idealTree:prePrune ├── find-up@3.0.0
38 silly idealTree:prePrune ├── findup-sync@3.0.0
38 silly idealTree:prePrune ├── fined@1.2.0
38 silly idealTree:prePrune ├── flagged-respawn@1.0.1
38 silly idealTree:prePrune ├── for-in@1.0.2
38 silly idealTree:prePrune ├── for-own@1.0.0
38 silly idealTree:prePrune ├── forever-agent@0.6.1
38 silly idealTree:prePrune ├── form-data@2.3.3
38 silly idealTree:prePrune ├── fragment-cache@0.2.1
38 silly idealTree:prePrune ├── fs-minipass@1.2.7
38 silly idealTree:prePrune ├── fs.realpath@1.0.0
38 silly idealTree:prePrune ├── function-bind@1.1.1
38 silly idealTree:prePrune ├── gauge@2.7.4
38 silly idealTree:prePrune ├── get-stream@3.0.0
38 silly idealTree:prePrune ├── get-value@2.0.6
38 silly idealTree:prePrune ├── getopts@2.2.5
38 silly idealTree:prePrune ├── getpass@0.1.7
38 silly idealTree:prePrune ├─┬ glob-parent@3.1.0
38 silly idealTree:prePrune │ └── is-glob@3.1.0
38 silly idealTree:prePrune ├── glob@5.0.15
38 silly idealTree:prePrune ├── global-dirs@0.1.1
38 silly idealTree:prePrune ├── global-modules@1.0.0
38 silly idealTree:prePrune ├── global-prefix@1.0.2
38 silly idealTree:prePrune ├── got@6.7.1
38 silly idealTree:prePrune ├── graceful-fs@4.2.2
38 silly idealTree:prePrune ├── hapi-auth-jwt2@8.6.2
38 silly idealTree:prePrune ├── hapi-router@5.0.0
38 silly idealTree:prePrune ├── har-schema@2.0.0
38 silly idealTree:prePrune ├── har-validator@5.1.3
38 silly idealTree:prePrune ├── has-flag@3.0.0
38 silly idealTree:prePrune ├── has-symbols@1.0.0
38 silly idealTree:prePrune ├── has-unicode@2.0.1
38 silly idealTree:prePrune ├── has-value@1.0.0
38 silly idealTree:prePrune ├─┬ has-values@1.0.0
38 silly idealTree:prePrune │ └── kind-of@4.0.0
38 silly idealTree:prePrune ├── homedir-polyfill@1.0.3
38 silly idealTree:prePrune ├── http-signature@1.2.0
38 silly idealTree:prePrune ├── iconv-lite@0.4.24
38 silly idealTree:prePrune ├── ignore-by-default@1.0.1
38 silly idealTree:prePrune ├── ignore-walk@3.0.2
38 silly idealTree:prePrune ├── import-lazy@2.1.0
38 silly idealTree:prePrune ├── imurmurhash@0.1.4
38 silly idealTree:prePrune ├── inflight@1.0.6
38 silly idealTree:prePrune ├── inherits@2.0.4
38 silly idealTree:prePrune ├── ini@1.3.5
38 silly idealTree:prePrune ├── interpret@1.2.0
38 silly idealTree:prePrune ├── invariant@2.2.4
38 silly idealTree:prePrune ├── is-absolute@1.0.0
38 silly idealTree:prePrune ├─┬ is-accessor-descriptor@0.1.6
38 silly idealTree:prePrune │ └── kind-of@3.2.2
38 silly idealTree:prePrune ├── is-binary-path@1.0.1
38 silly idealTree:prePrune ├── is-buffer@1.1.6
38 silly idealTree:prePrune ├── is-ci@1.2.1
38 silly idealTree:prePrune ├─┬ is-data-descriptor@0.1.4
38 silly idealTree:prePrune │ └── kind-of@3.2.2
38 silly idealTree:prePrune ├─┬ is-descriptor@0.1.6
38 silly idealTree:prePrune │ └── kind-of@5.1.0
38 silly idealTree:prePrune ├── is-extendable@0.1.1
38 silly idealTree:prePrune ├── is-extglob@2.1.1
38 silly idealTree:prePrune ├── is-fullwidth-code-point@1.0.0
38 silly idealTree:prePrune ├── is-glob@4.0.1
38 silly idealTree:prePrune ├── is-installed-globally@0.1.0
38 silly idealTree:prePrune ├── is-npm@1.0.0
38 silly idealTree:prePrune ├─┬ is-number@3.0.0
38 silly idealTree:prePrune │ └── kind-of@3.2.2
38 silly idealTree:prePrune ├── is-obj@1.0.1
38 silly idealTree:prePrune ├── is-path-inside@1.0.1
38 silly idealTree:prePrune ├── is-plain-object@2.0.4
38 silly idealTree:prePrune ├── is-redirect@1.0.0
38 silly idealTree:prePrune ├── is-relative@1.0.0
38 silly idealTree:prePrune ├── is-retry-allowed@1.2.0
38 silly idealTree:prePrune ├── is-stream@1.1.0
38 silly idealTree:prePrune ├── is-typedarray@1.0.0
38 silly idealTree:prePrune ├── is-unc-path@1.0.0
38 silly idealTree:prePrune ├── is-windows@1.0.2
38 silly idealTree:prePrune ├── isarray@0.0.1
38 silly idealTree:prePrune ├── isexe@2.0.0
38 silly idealTree:prePrune ├── isobject@3.0.1
38 silly idealTree:prePrune ├── isstream@0.1.2
38 silly idealTree:prePrune ├── js-levenshtein@1.1.6
38 silly idealTree:prePrune ├── js-tokens@3.0.2
38 silly idealTree:prePrune ├── jsbn@0.1.1
38 silly idealTree:prePrune ├── json-schema-traverse@0.4.1
38 silly idealTree:prePrune ├── json-schema@0.2.3
38 silly idealTree:prePrune ├── json-stringify-safe@5.0.1
38 silly idealTree:prePrune ├─┬ jsonwebtoken@8.5.1
38 silly idealTree:prePrune │ └── ms@2.1.2
38 silly idealTree:prePrune ├── jsprim@1.4.1
38 silly idealTree:prePrune ├── jwa@1.4.1
38 silly idealTree:prePrune ├── jws@3.2.2
38 silly idealTree:prePrune ├── kind-of@6.0.2
38 silly idealTree:prePrune ├─┬ knex@0.19.4
38 silly idealTree:prePrune │ ├── debug@4.1.1
38 silly idealTree:prePrune │ └── ms@2.1.2
38 silly idealTree:prePrune ├── latest-version@3.1.0
38 silly idealTree:prePrune ├── liftoff@3.1.0
38 silly idealTree:prePrune ├── locate-path@3.0.0
38 silly idealTree:prePrune ├── lodash.includes@4.3.0
38 silly idealTree:prePrune ├── lodash.isboolean@3.0.3
38 silly idealTree:prePrune ├── lodash.isinteger@4.0.4
38 silly idealTree:prePrune ├── lodash.isnumber@3.0.3
38 silly idealTree:prePrune ├── lodash.isplainobject@4.0.6
38 silly idealTree:prePrune ├── lodash.isstring@4.0.1
38 silly idealTree:prePrune ├── lodash.once@4.1.1
38 silly idealTree:prePrune ├── lodash@4.17.15
38 silly idealTree:prePrune ├── loose-envify@1.4.0
38 silly idealTree:prePrune ├── lowercase-keys@1.0.1
38 silly idealTree:prePrune ├─┬ lru-cache@4.1.5
38 silly idealTree:prePrune │ └── yallist@2.1.2
38 silly idealTree:prePrune ├── make-dir@1.3.0
38 silly idealTree:prePrune ├── make-iterator@1.0.1
38 silly idealTree:prePrune ├── map-cache@0.2.2
38 silly idealTree:prePrune ├── map-visit@1.0.0
38 silly idealTree:prePrune ├── micromatch@3.1.10
38 silly idealTree:prePrune ├── mime-db@1.42.0
38 silly idealTree:prePrune ├─┬ mime-types@2.1.24
38 silly idealTree:prePrune │ └── mime-db@1.40.0
38 silly idealTree:prePrune ├── minimatch@3.0.4
38 silly idealTree:prePrune ├── minimist@0.0.8
38 silly idealTree:prePrune ├── minipass@2.8.6
38 silly idealTree:prePrune ├─┬ minizlib@1.3.2
38 silly idealTree:prePrune │ └── minipass@2.9.0
38 silly idealTree:prePrune ├─┬ mixin-deep@1.3.2
38 silly idealTree:prePrune │ └── is-extendable@1.0.1
38 silly idealTree:prePrune ├── mkdirp@0.5.1
38 silly idealTree:prePrune ├── ms@2.0.0
38 silly idealTree:prePrune ├── nan@2.14.0
38 silly idealTree:prePrune ├── nanomatch@1.2.13
38 silly idealTree:prePrune ├─┬ needle@2.4.0
38 silly idealTree:prePrune │ ├── debug@3.2.6
38 silly idealTree:prePrune │ └── ms@2.1.2
38 silly idealTree:prePrune ├── node-modules-regexp@1.0.0
38 silly idealTree:prePrune ├── node-pre-gyp@0.11.0
38 silly idealTree:prePrune ├── node-releases@1.1.33
38 silly idealTree:prePrune ├─┬ nodemon@1.19.3
38 silly idealTree:prePrune │ ├── debug@3.2.6
38 silly idealTree:prePrune │ ├── ms@2.1.2
38 silly idealTree:prePrune │ └── supports-color@5.5.0
38 silly idealTree:prePrune ├── nopt@4.0.1
38 silly idealTree:prePrune ├── normalize-path@3.0.0
38 silly idealTree:prePrune ├── npm-bundled@1.0.6
38 silly idealTree:prePrune ├── npm-packlist@1.4.4
38 silly idealTree:prePrune ├── npm-run-path@2.0.2
38 silly idealTree:prePrune ├── npmlog@4.1.2
38 silly idealTree:prePrune ├── number-is-nan@1.0.1
38 silly idealTree:prePrune ├── oauth-sign@0.9.0
38 silly idealTree:prePrune ├── object-assign@4.1.1
38 silly idealTree:prePrune ├─┬ object-copy@0.1.0
38 silly idealTree:prePrune │ ├── define-property@0.2.5
38 silly idealTree:prePrune │ └── kind-of@3.2.2
38 silly idealTree:prePrune ├── object-keys@1.1.1
38 silly idealTree:prePrune ├── object-visit@1.0.1
38 silly idealTree:prePrune ├── object.assign@4.1.0
38 silly idealTree:prePrune ├── object.defaults@1.1.0
38 silly idealTree:prePrune ├── object.map@1.0.1
38 silly idealTree:prePrune ├── object.pick@1.3.0
38 silly idealTree:prePrune ├── once@1.4.0
38 silly idealTree:prePrune ├── os-homedir@1.0.2
38 silly idealTree:prePrune ├── os-tmpdir@1.0.2
38 silly idealTree:prePrune ├── osenv@0.1.5
38 silly idealTree:prePrune ├── p-finally@1.0.0
38 silly idealTree:prePrune ├── p-limit@2.2.1
38 silly idealTree:prePrune ├── p-locate@3.0.0
38 silly idealTree:prePrune ├── p-try@2.2.0
38 silly idealTree:prePrune ├── package-json@4.0.1
38 silly idealTree:prePrune ├── parse-filepath@1.0.2
38 silly idealTree:prePrune ├── parse-passwd@1.0.0
38 silly idealTree:prePrune ├── pascalcase@0.1.1
38 silly idealTree:prePrune ├── path-dirname@1.0.2
38 silly idealTree:prePrune ├── path-exists@3.0.0
38 silly idealTree:prePrune ├── path-is-absolute@1.0.1
38 silly idealTree:prePrune ├── path-is-inside@1.0.2
38 silly idealTree:prePrune ├── path-key@2.0.1
38 silly idealTree:prePrune ├── path-parse@1.0.6
38 silly idealTree:prePrune ├── path-root-regex@0.1.2
38 silly idealTree:prePrune ├── path-root@0.1.1
38 silly idealTree:prePrune ├── performance-now@2.1.0
38 silly idealTree:prePrune ├── pg-connection-string@2.1.0
38 silly idealTree:prePrune ├── pify@3.0.0
38 silly idealTree:prePrune ├── pirates@4.0.1
38 silly idealTree:prePrune ├── pkg-dir@3.0.0
38 silly idealTree:prePrune ├── posix-character-classes@0.1.1
38 silly idealTree:prePrune ├── prepend-http@1.0.4
38 silly idealTree:prePrune ├── private@0.1.8
38 silly idealTree:prePrune ├── process-nextick-args@2.0.1
38 silly idealTree:prePrune ├── pseudomap@1.0.2
38 silly idealTree:prePrune ├── psl@1.4.0
38 silly idealTree:prePrune ├── pstree.remy@1.1.7
38 silly idealTree:prePrune ├── punycode@2.1.1
38 silly idealTree:prePrune ├── qs@6.5.2
38 silly idealTree:prePrune ├─┬ rc@1.2.8
38 silly idealTree:prePrune │ └── minimist@1.2.0
38 silly idealTree:prePrune ├─┬ readable-stream@2.3.6
38 silly idealTree:prePrune │ └── isarray@1.0.0
38 silly idealTree:prePrune ├── readdirp@2.2.1
38 silly idealTree:prePrune ├── rechoir@0.6.2
38 silly idealTree:prePrune ├── regenerate-unicode-properties@8.1.0
38 silly idealTree:prePrune ├── regenerate@1.4.0
38 silly idealTree:prePrune ├── regex-not@1.0.2
38 silly idealTree:prePrune ├── registry-auth-token@3.4.0
38 silly idealTree:prePrune ├── registry-url@3.1.0
38 silly idealTree:prePrune ├── remove-trailing-separator@1.1.0
38 silly idealTree:prePrune ├── repeat-element@1.1.3
38 silly idealTree:prePrune ├── repeat-string@1.6.1
38 silly idealTree:prePrune ├── request@2.88.0
38 silly idealTree:prePrune ├── resolve-dir@1.0.1
38 silly idealTree:prePrune ├── resolve-url@0.2.1
38 silly idealTree:prePrune ├── resolve@1.12.0
38 silly idealTree:prePrune ├── ret@0.1.15
38 silly idealTree:prePrune ├─┬ rimraf@2.7.1
38 silly idealTree:prePrune │ └── glob@7.1.4
38 silly idealTree:prePrune ├── safe-buffer@5.1.2
38 silly idealTree:prePrune ├── safe-regex@1.1.0
38 silly idealTree:prePrune ├── safer-buffer@2.1.2
38 silly idealTree:prePrune ├── sax@1.2.4
38 silly idealTree:prePrune ├── semver-diff@2.1.0
38 silly idealTree:prePrune ├── semver@5.7.1
38 silly idealTree:prePrune ├── set-blocking@2.0.0
38 silly idealTree:prePrune ├─┬ set-value@2.0.1
38 silly idealTree:prePrune │ └── extend-shallow@2.0.1
38 silly idealTree:prePrune ├── shebang-command@1.2.0
38 silly idealTree:prePrune ├── shebang-regex@1.0.0
38 silly idealTree:prePrune ├── signal-exit@3.0.2
38 silly idealTree:prePrune ├─┬ snapdragon-node@2.1.1
38 silly idealTree:prePrune │ ├── define-property@1.0.0
38 silly idealTree:prePrune │ ├── is-accessor-descriptor@1.0.0
38 silly idealTree:prePrune │ ├── is-data-descriptor@1.0.0
38 silly idealTree:prePrune │ └── is-descriptor@1.0.2
38 silly idealTree:prePrune ├─┬ snapdragon-util@3.0.1
38 silly idealTree:prePrune │ └── kind-of@3.2.2
38 silly idealTree:prePrune ├─┬ snapdragon@0.8.2
38 silly idealTree:prePrune │ ├── define-property@0.2.5
38 silly idealTree:prePrune │ └── extend-shallow@2.0.1
38 silly idealTree:prePrune ├── source-map-resolve@0.5.2
38 silly idealTree:prePrune ├── source-map-url@0.4.0
38 silly idealTree:prePrune ├── source-map@0.5.7
38 silly idealTree:prePrune ├── split-string@3.1.0
38 silly idealTree:prePrune ├── sqlite3@4.1.0
38 silly idealTree:prePrune ├── sshpk@1.16.1
38 silly idealTree:prePrune ├─┬ static-extend@0.1.2
38 silly idealTree:prePrune │ └── define-property@0.2.5
38 silly idealTree:prePrune ├── string_decoder@1.1.1
38 silly idealTree:prePrune ├── string-width@1.0.2
38 silly idealTree:prePrune ├── strip-ansi@3.0.1
38 silly idealTree:prePrune ├── strip-eof@1.0.0
38 silly idealTree:prePrune ├── strip-json-comments@2.0.1
38 silly idealTree:prePrune ├── tar@4.4.13
38 silly idealTree:prePrune ├── tarn@2.0.0
38 silly idealTree:prePrune ├── term-size@1.2.0
38 silly idealTree:prePrune ├── tildify@2.0.0
38 silly idealTree:prePrune ├── timed-out@4.0.1
38 silly idealTree:prePrune ├─┬ to-object-path@0.3.0
38 silly idealTree:prePrune │ └── kind-of@3.2.2
38 silly idealTree:prePrune ├── to-regex-range@2.1.1
38 silly idealTree:prePrune ├── to-regex@3.0.2
38 silly idealTree:prePrune ├─┬ touch@3.1.0
38 silly idealTree:prePrune │ └── nopt@1.0.10
38 silly idealTree:prePrune ├─┬ tough-cookie@2.4.3
38 silly idealTree:prePrune │ └── punycode@1.4.1
38 silly idealTree:prePrune ├── tunnel-agent@0.6.0
38 silly idealTree:prePrune ├── tweetnacl@0.14.5
38 silly idealTree:prePrune ├── unc-path-regex@0.1.2
38 silly idealTree:prePrune ├── undefsafe@2.0.2
38 silly idealTree:prePrune ├── unicode-canonical-property-names-ecmascript@1.0.4
38 silly idealTree:prePrune ├── unicode-match-property-ecmascript@1.0.4
38 silly idealTree:prePrune ├── unicode-match-property-value-ecmascript@1.1.0
38 silly idealTree:prePrune ├── unicode-property-aliases-ecmascript@1.0.5
38 silly idealTree:prePrune ├── union-value@1.0.1
38 silly idealTree:prePrune ├── unique-string@1.0.0
38 silly idealTree:prePrune ├─┬ unset-value@1.0.0
38 silly idealTree:prePrune │ ├─┬ has-value@0.3.1
38 silly idealTree:prePrune │ │ └── isobject@2.1.0
38 silly idealTree:prePrune │ ├── has-values@0.1.4
38 silly idealTree:prePrune │ └── isarray@1.0.0
38 silly idealTree:prePrune ├── unzip-response@2.0.1
38 silly idealTree:prePrune ├── upath@1.2.0
38 silly idealTree:prePrune ├─┬ update-notifier@2.5.0
38 silly idealTree:prePrune │ ├── ansi-styles@3.2.1
38 silly idealTree:prePrune │ ├── chalk@2.4.2
38 silly idealTree:prePrune │ └── supports-color@5.5.0
38 silly idealTree:prePrune ├── uri-js@4.2.2
38 silly idealTree:prePrune ├── urix@0.1.0
38 silly idealTree:prePrune ├── url-parse-lax@1.0.0
38 silly idealTree:prePrune ├── use@3.1.1
38 silly idealTree:prePrune ├── util-deprecate@1.0.2
38 silly idealTree:prePrune ├── uuid@3.3.3
38 silly idealTree:prePrune ├── v8flags@3.1.3
38 silly idealTree:prePrune ├── verror@1.10.0
38 silly idealTree:prePrune ├── which@1.3.1
38 silly idealTree:prePrune ├── wide-align@1.1.3
38 silly idealTree:prePrune ├─┬ widest-line@2.0.1
38 silly idealTree:prePrune │ ├── ansi-regex@3.0.0
38 silly idealTree:prePrune │ ├── is-fullwidth-code-point@2.0.0
38 silly idealTree:prePrune │ ├── string-width@2.1.1
38 silly idealTree:prePrune │ └── strip-ansi@4.0.0
38 silly idealTree:prePrune ├── wrappy@1.0.2
38 silly idealTree:prePrune ├── write-file-atomic@2.4.3
38 silly idealTree:prePrune ├── xdg-basedir@3.0.0
38 silly idealTree:prePrune └── yallist@3.1.0
39 silly loadIdealTree Finishing
40 silly currentTree tarefas-api@0.0.1
40 silly currentTree ├── @babel/code-frame@7.5.5
40 silly currentTree ├─┬ @babel/core@7.6.2
40 silly currentTree │ ├── debug@4.1.1
40 silly currentTree │ ├── json5@2.1.0
40 silly currentTree │ ├── minimist@1.2.0
40 silly currentTree │ └── ms@2.1.2
40 silly currentTree ├─┬ @babel/generator@7.6.2
40 silly currentTree │ └── jsesc@2.5.2
40 silly currentTree ├── @babel/helper-annotate-as-pure@7.0.0
40 silly currentTree ├── @babel/helper-builder-binary-assignment-operator-visitor@7.1.0
40 silly currentTree ├── @babel/helper-call-delegate@7.4.4
40 silly currentTree ├── @babel/helper-create-class-features-plugin@7.6.0
40 silly currentTree ├── @babel/helper-define-map@7.5.5
40 silly currentTree ├── @babel/helper-explode-assignable-expression@7.1.0
40 silly currentTree ├── @babel/helper-function-name@7.1.0
40 silly currentTree ├── @babel/helper-get-function-arity@7.0.0
40 silly currentTree ├── @babel/helper-hoist-variables@7.4.4
40 silly currentTree ├── @babel/helper-member-expression-to-functions@7.5.5
40 silly currentTree ├── @babel/helper-module-imports@7.0.0
40 silly currentTree ├── @babel/helper-module-transforms@7.5.5
40 silly currentTree ├── @babel/helper-optimise-call-expression@7.0.0
40 silly currentTree ├── @babel/helper-plugin-utils@7.0.0
40 silly currentTree ├── @babel/helper-regex@7.5.5
40 silly currentTree ├── @babel/helper-remap-async-to-generator@7.1.0
40 silly currentTree ├── @babel/helper-replace-supers@7.5.5
40 silly currentTree ├── @babel/helper-simple-access@7.1.0
40 silly currentTree ├── @babel/helper-split-export-declaration@7.4.4
40 silly currentTree ├── @babel/helper-wrap-function@7.2.0
40 silly currentTree ├── @babel/helpers@7.6.2
40 silly currentTree ├─┬ @babel/highlight@7.5.0
40 silly currentTree │ ├── ansi-styles@3.2.1
40 silly currentTree │ ├── chalk@2.4.2
40 silly currentTree │ ├── js-tokens@4.0.0
40 silly currentTree │ └── supports-color@5.5.0
40 silly currentTree ├── @babel/parser@7.6.2
40 silly currentTree ├── @babel/plugin-proposal-async-generator-functions@7.2.0
40 silly currentTree ├── @babel/plugin-proposal-class-properties@7.5.5
40 silly currentTree ├── @babel/plugin-proposal-dynamic-import@7.5.0
40 silly currentTree ├── @babel/plugin-proposal-json-strings@7.2.0
40 silly currentTree ├── @babel/plugin-proposal-object-rest-spread@7.6.2
40 silly currentTree ├── @babel/plugin-proposal-optional-catch-binding@7.2.0
40 silly currentTree ├─┬ @babel/plugin-proposal-unicode-property-regex@7.6.2
40 silly currentTree │ ├── jsesc@0.5.0
40 silly currentTree │ ├── regexpu-core@4.6.0
40 silly currentTree │ ├── regjsgen@0.5.0
40 silly currentTree │ └── regjsparser@0.6.0
40 silly currentTree ├── @babel/plugin-syntax-async-generators@7.2.0
40 silly currentTree ├── @babel/plugin-syntax-dynamic-import@7.2.0
40 silly currentTree ├── @babel/plugin-syntax-json-strings@7.2.0
40 silly currentTree ├── @babel/plugin-syntax-object-rest-spread@7.2.0
40 silly currentTree ├── @babel/plugin-syntax-optional-catch-binding@7.2.0
40 silly currentTree ├── @babel/plugin-transform-arrow-functions@7.2.0
40 silly currentTree ├── @babel/plugin-transform-async-to-generator@7.5.0
40 silly currentTree ├── @babel/plugin-transform-block-scoped-functions@7.2.0
40 silly currentTree ├── @babel/plugin-transform-block-scoping@7.6.2
40 silly currentTree ├─┬ @babel/plugin-transform-classes@7.5.5
40 silly currentTree │ └── globals@11.12.0
40 silly currentTree ├── @babel/plugin-transform-computed-properties@7.2.0
40 silly currentTree ├── @babel/plugin-transform-destructuring@7.6.0
40 silly currentTree ├─┬ @babel/plugin-transform-dotall-regex@7.6.2
40 silly currentTree │ ├── jsesc@0.5.0
40 silly currentTree │ ├── regexpu-core@4.6.0
40 silly currentTree │ ├── regjsgen@0.5.0
40 silly currentTree │ └── regjsparser@0.6.0
40 silly currentTree ├── @babel/plugin-transform-duplicate-keys@7.5.0
40 silly currentTree ├── @babel/plugin-transform-exponentiation-operator@7.2.0
40 silly currentTree ├── @babel/plugin-transform-for-of@7.4.4
40 silly currentTree ├── @babel/plugin-transform-function-name@7.4.4
40 silly currentTree ├── @babel/plugin-transform-literals@7.2.0
40 silly currentTree ├── @babel/plugin-transform-member-expression-literals@7.2.0
40 silly currentTree ├── @babel/plugin-transform-modules-amd@7.5.0
40 silly currentTree ├── @babel/plugin-transform-modules-commonjs@7.6.0
40 silly currentTree ├── @babel/plugin-transform-modules-systemjs@7.5.0
40 silly currentTree ├── @babel/plugin-transform-modules-umd@7.2.0
40 silly currentTree ├─┬ @babel/plugin-transform-named-capturing-groups-regex@7.6.2
40 silly currentTree │ ├── jsesc@0.5.0
40 silly currentTree │ ├── regexpu-core@4.6.0
40 silly currentTree │ ├── regjsgen@0.5.0
40 silly currentTree │ └── regjsparser@0.6.0
40 silly currentTree ├── @babel/plugin-transform-new-target@7.4.4
40 silly currentTree ├── @babel/plugin-transform-object-super@7.5.5
40 silly currentTree ├── @babel/plugin-transform-parameters@7.4.4
40 silly currentTree ├── @babel/plugin-transform-property-literals@7.2.0
40 silly currentTree ├─┬ @babel/plugin-transform-regenerator@7.4.5
40 silly currentTree │ └── regenerator-transform@0.14.1
40 silly currentTree ├── @babel/plugin-transform-reserved-words@7.2.0
40 silly currentTree ├── @babel/plugin-transform-shorthand-properties@7.2.0
40 silly currentTree ├── @babel/plugin-transform-spread@7.6.2
40 silly currentTree ├── @babel/plugin-transform-sticky-regex@7.2.0
40 silly currentTree ├── @babel/plugin-transform-template-literals@7.4.4
40 silly currentTree ├── @babel/plugin-transform-typeof-symbol@7.2.0
40 silly currentTree ├─┬ @babel/plugin-transform-unicode-regex@7.6.2
40 silly currentTree │ ├── jsesc@0.5.0
40 silly currentTree │ ├── regexpu-core@4.6.0
40 silly currentTree │ ├── regjsgen@0.5.0
40 silly currentTree │ └── regjsparser@0.6.0
40 silly currentTree ├─┬ @babel/polyfill@7.6.0
40 silly currentTree │ └── regenerator-runtime@0.13.3
40 silly currentTree ├─┬ @babel/preset-env@7.6.2
40 silly currentTree │ └── browserslist@4.7.0
40 silly currentTree ├─┬ @babel/register@7.6.2
40 silly currentTree │ ├── source-map-support@0.5.13
40 silly currentTree │ └── source-map@0.6.1
40 silly currentTree ├── @babel/template@7.6.0
40 silly currentTree ├─┬ @babel/traverse@7.6.2
40 silly currentTree │ ├── debug@4.1.1
40 silly currentTree │ ├── globals@11.12.0
40 silly currentTree │ └── ms@2.1.2
40 silly currentTree ├─┬ @babel/types@7.6.1
40 silly currentTree │ └── to-fast-properties@2.0.0
40 silly currentTree ├── @hapi/accept@3.2.3
40 silly currentTree ├── @hapi/address@2.1.2
40 silly currentTree ├── @hapi/ammo@3.1.1
40 silly currentTree ├── @hapi/b64@4.2.1
40 silly currentTree ├── @hapi/basic@5.1.1
40 silly currentTree ├── @hapi/boom@7.4.11
40 silly currentTree ├── @hapi/bounce@1.3.1
40 silly currentTree ├── @hapi/bourne@1.3.2
40 silly currentTree ├── @hapi/call@5.1.1
40 silly currentTree ├── @hapi/catbox-memory@4.1.1
40 silly currentTree ├─┬ @hapi/catbox@10.2.3
40 silly currentTree │ └── @hapi/joi@16.1.4
40 silly currentTree ├── @hapi/content@4.1.0
40 silly currentTree ├── @hapi/cryptiles@4.2.1
40 silly currentTree ├── @hapi/file@1.0.0
40 silly currentTree ├── @hapi/formula@1.2.0
40 silly currentTree ├── @hapi/hapi@18.4.0
40 silly currentTree ├─┬ @hapi/heavy@6.2.2
40 silly currentTree │ └── @hapi/joi@16.1.4
40 silly currentTree ├── @hapi/hoek@8.2.5
40 silly currentTree ├── @hapi/iron@5.1.4
40 silly currentTree ├── @hapi/joi@15.1.1
40 silly currentTree ├── @hapi/mimos@4.1.1
40 silly currentTree ├── @hapi/nigel@3.1.1
40 silly currentTree ├── @hapi/pez@4.1.1
40 silly currentTree ├── @hapi/pinpoint@1.0.2
40 silly currentTree ├─┬ @hapi/podium@3.4.2
40 silly currentTree │ └── @hapi/joi@16.1.4
40 silly currentTree ├─┬ @hapi/shot@4.1.2
40 silly currentTree │ └── @hapi/joi@16.1.4
40 silly currentTree ├── @hapi/somever@2.1.1
40 silly currentTree ├─┬ @hapi/statehood@6.1.2
40 silly currentTree │ └── @hapi/joi@16.1.4
40 silly currentTree ├── @hapi/subtext@6.1.2
40 silly currentTree ├── @hapi/teamwork@3.3.1
40 silly currentTree ├── @hapi/topo@3.1.4
40 silly currentTree ├── @hapi/vise@3.1.1
40 silly currentTree ├── @hapi/wreck@15.1.0
40 silly currentTree ├── abbrev@1.1.1
40 silly currentTree ├── ajv@6.10.2
40 silly currentTree ├─┬ ansi-align@2.0.0
40 silly currentTree │ ├── ansi-regex@3.0.0
40 silly currentTree │ ├── is-fullwidth-code-point@2.0.0
40 silly currentTree │ ├── string-width@2.1.1
40 silly currentTree │ └── strip-ansi@4.0.0
40 silly currentTree ├── ansi-regex@2.1.1
40 silly currentTree ├─┬ anymatch@2.0.0
40 silly currentTree │ └── normalize-path@2.1.1
40 silly currentTree ├── aproba@1.2.0
40 silly currentTree ├── are-we-there-yet@1.1.5
40 silly currentTree ├── arr-diff@4.0.0
40 silly currentTree ├── arr-flatten@1.1.0
40 silly currentTree ├── arr-union@3.1.0
40 silly currentTree ├── array-each@1.0.1
40 silly currentTree ├── array-slice@1.1.0
40 silly currentTree ├── array-unique@0.3.2
40 silly currentTree ├── asn1@0.2.4
40 silly currentTree ├── assert-plus@1.0.0
40 silly currentTree ├── assign-symbols@1.0.0
40 silly currentTree ├── async-each@1.0.3
40 silly currentTree ├── asynckit@0.4.0
40 silly currentTree ├── atob@2.1.2
40 silly currentTree ├── aws-sign2@0.7.0
40 silly currentTree ├── aws4@1.8.0
40 silly currentTree ├── babel-plugin-dynamic-import-node@2.3.0
40 silly currentTree ├── balanced-match@1.0.0
40 silly currentTree ├─┬ base@0.11.2
40 silly currentTree │ ├── define-property@1.0.0
40 silly currentTree │ ├── is-accessor-descriptor@1.0.0
40 silly currentTree │ ├── is-data-descriptor@1.0.0
40 silly currentTree │ └── is-descriptor@1.0.2
40 silly currentTree ├── bcrypt-pbkdf@1.0.2
40 silly currentTree ├─┬ bcrypt@3.0.6
40 silly currentTree │ ├── nan@2.13.2
40 silly currentTree │ └── node-pre-gyp@0.12.0
40 silly currentTree ├── binary-extensions@1.13.1
40 silly currentTree ├── bluebird@3.5.5
40 silly currentTree ├─┬ boxen@1.3.0
40 silly currentTree │ ├── ansi-regex@3.0.0
40 silly currentTree │ ├── ansi-styles@3.2.1
40 silly currentTree │ ├── chalk@2.4.2
40 silly currentTree │ ├── is-fullwidth-code-point@2.0.0
40 silly currentTree │ ├── string-width@2.1.1
40 silly currentTree │ ├── strip-ansi@4.0.0
40 silly currentTree │ └── supports-color@5.5.0
40 silly currentTree ├── brace-expansion@1.1.11
40 silly currentTree ├─┬ braces@2.3.2
40 silly currentTree │ └── extend-shallow@2.0.1
40 silly currentTree ├── buffer-equal-constant-time@1.0.1
40 silly currentTree ├── buffer-from@1.1.1
40 silly currentTree ├── cache-base@1.0.1
40 silly currentTree ├── camelcase@4.1.0
40 silly currentTree ├── caniuse-lite@1.0.30000997
40 silly currentTree ├── capture-stack-trace@1.0.1
40 silly currentTree ├── caseless@0.12.0
40 silly currentTree ├── cast-array@1.0.1
40 silly currentTree ├── chokidar@2.1.8
40 silly currentTree ├── chownr@1.1.3
40 silly currentTree ├── ci-info@1.6.0
40 silly currentTree ├─┬ class-utils@0.3.6
40 silly currentTree │ └── define-property@0.2.5
40 silly currentTree ├── cli-boxes@1.0.0
40 silly currentTree ├── code-point-at@1.1.0
40 silly currentTree ├── collection-visit@1.0.0
40 silly currentTree ├── color-convert@1.9.3
40 silly currentTree ├── color-name@1.1.3
40 silly currentTree ├── colorette@1.1.0
40 silly currentTree ├── combined-stream@1.0.8
40 silly currentTree ├── commander@3.0.2
40 silly currentTree ├── commondir@1.0.1
40 silly currentTree ├── component-emitter@1.3.0
40 silly currentTree ├── concat-map@0.0.1
40 silly currentTree ├── configstore@3.1.2
40 silly currentTree ├── console-control-strings@1.1.0
40 silly currentTree ├── convert-source-map@1.6.0
40 silly currentTree ├── cookie@0.3.1
40 silly currentTree ├── copy-descriptor@0.1.1
40 silly currentTree ├─┬ core-js-compat@3.2.1
40 silly currentTree │ ├── browserslist@4.7.0
40 silly currentTree │ └── semver@6.3.0
40 silly currentTree ├── core-js@2.6.9
40 silly currentTree ├── core-util-is@1.0.2
40 silly currentTree ├── create-error-class@3.0.2
40 silly currentTree ├── cross-spawn@5.1.0
40 silly currentTree ├── crypto-random-string@1.0.0
40 silly currentTree ├── dashdash@1.14.1
40 silly currentTree ├── debug@2.6.9
40 silly currentTree ├── decode-uri-component@0.2.0
40 silly currentTree ├── deep-extend@0.6.0
40 silly currentTree ├── define-properties@1.1.3
40 silly currentTree ├─┬ define-property@2.0.2
40 silly currentTree │ ├── is-accessor-descriptor@1.0.0
40 silly currentTree │ ├── is-data-descriptor@1.0.0
40 silly currentTree │ └── is-descriptor@1.0.2
40 silly currentTree ├── delayed-stream@1.0.0
40 silly currentTree ├── delegates@1.0.0
40 silly currentTree ├── detect-file@1.0.0
40 silly currentTree ├── detect-libc@1.0.3
40 silly currentTree ├── dot-prop@4.2.0
40 silly currentTree ├── duplexer3@0.1.4
40 silly currentTree ├── ecc-jsbn@0.1.2
40 silly currentTree ├── ecdsa-sig-formatter@1.0.11
40 silly currentTree ├── electron-to-chromium@1.3.269
40 silly currentTree ├── escape-string-regexp@1.0.5
40 silly currentTree ├── esutils@2.0.3
40 silly currentTree ├── execa@0.7.0
40 silly currentTree ├─┬ expand-brackets@2.1.4
40 silly currentTree │ ├── define-property@0.2.5
40 silly currentTree │ └── extend-shallow@2.0.1
40 silly currentTree ├── expand-tilde@2.0.2
40 silly currentTree ├─┬ extend-shallow@3.0.2
40 silly currentTree │ └── is-extendable@1.0.1
40 silly currentTree ├── extend@3.0.2
40 silly currentTree ├─┬ extglob@2.0.4
40 silly currentTree │ ├── define-property@1.0.0
40 silly currentTree │ ├── extend-shallow@2.0.1
40 silly currentTree │ ├── is-accessor-descriptor@1.0.0
40 silly currentTree │ ├── is-data-descriptor@1.0.0
40 silly currentTree │ └── is-descriptor@1.0.2
40 silly currentTree ├── extsprintf@1.3.0
40 silly currentTree ├── fast-deep-equal@2.0.1
40 silly currentTree ├── fast-json-stable-stringify@2.0.0
40 silly currentTree ├─┬ fill-range@4.0.0
40 silly currentTree │ └── extend-shallow@2.0.1
40 silly currentTree ├─┬ find-cache-dir@2.1.0
40 silly currentTree │ ├── make-dir@2.1.0
40 silly currentTree │ └── pify@4.0.1
40 silly currentTree ├── find-up@3.0.0
40 silly currentTree ├── findup-sync@3.0.0
40 silly currentTree ├── fined@1.2.0
40 silly currentTree ├── flagged-respawn@1.0.1
40 silly currentTree ├── for-in@1.0.2
40 silly currentTree ├── for-own@1.0.0
40 silly currentTree ├── forever-agent@0.6.1
40 silly currentTree ├── form-data@2.3.3
40 silly currentTree ├── fragment-cache@0.2.1
40 silly currentTree ├── fs-minipass@1.2.7
40 silly currentTree ├── fs.realpath@1.0.0
40 silly currentTree ├── function-bind@1.1.1
40 silly currentTree ├── gauge@2.7.4
40 silly currentTree ├── get-stream@3.0.0
40 silly currentTree ├── get-value@2.0.6
40 silly currentTree ├── getopts@2.2.5
40 silly currentTree ├── getpass@0.1.7
40 silly currentTree ├─┬ glob-parent@3.1.0
40 silly currentTree │ └── is-glob@3.1.0
40 silly currentTree ├── glob@5.0.15
40 silly currentTree ├── global-dirs@0.1.1
40 silly currentTree ├── global-modules@1.0.0
40 silly currentTree ├── global-prefix@1.0.2
40 silly currentTree ├── got@6.7.1
40 silly currentTree ├── graceful-fs@4.2.2
40 silly currentTree ├── hapi-auth-jwt2@8.6.2
40 silly currentTree ├── hapi-router@5.0.0
40 silly currentTree ├── har-schema@2.0.0
40 silly currentTree ├── har-validator@5.1.3
40 silly currentTree ├── has-flag@3.0.0
40 silly currentTree ├── has-symbols@1.0.0
40 silly currentTree ├── has-unicode@2.0.1
40 silly currentTree ├── has-value@1.0.0
40 silly currentTree ├─┬ has-values@1.0.0
40 silly currentTree │ └── kind-of@4.0.0
40 silly currentTree ├── homedir-polyfill@1.0.3
40 silly currentTree ├── http-signature@1.2.0
40 silly currentTree ├── iconv-lite@0.4.24
40 silly currentTree ├── ignore-by-default@1.0.1
40 silly currentTree ├── ignore-walk@3.0.2
40 silly currentTree ├── import-lazy@2.1.0
40 silly currentTree ├── imurmurhash@0.1.4
40 silly currentTree ├── inflight@1.0.6
40 silly currentTree ├── inherits@2.0.4
40 silly currentTree ├── ini@1.3.5
40 silly currentTree ├── interpret@1.2.0
40 silly currentTree ├── invariant@2.2.4
40 silly currentTree ├── is-absolute@1.0.0
40 silly currentTree ├─┬ is-accessor-descriptor@0.1.6
40 silly currentTree │ └── kind-of@3.2.2
40 silly currentTree ├── is-binary-path@1.0.1
40 silly currentTree ├── is-buffer@1.1.6
40 silly currentTree ├── is-ci@1.2.1
40 silly currentTree ├─┬ is-data-descriptor@0.1.4
40 silly currentTree │ └── kind-of@3.2.2
40 silly currentTree ├─┬ is-descriptor@0.1.6
40 silly currentTree │ └── kind-of@5.1.0
40 silly currentTree ├── is-extendable@0.1.1
40 silly currentTree ├── is-extglob@2.1.1
40 silly currentTree ├── is-fullwidth-code-point@1.0.0
40 silly currentTree ├── is-glob@4.0.1
40 silly currentTree ├── is-installed-globally@0.1.0
40 silly currentTree ├── is-npm@1.0.0
40 silly currentTree ├─┬ is-number@3.0.0
40 silly currentTree │ └── kind-of@3.2.2
40 silly currentTree ├── is-obj@1.0.1
40 silly currentTree ├── is-path-inside@1.0.1
40 silly currentTree ├── is-plain-object@2.0.4
40 silly currentTree ├── is-redirect@1.0.0
40 silly currentTree ├── is-relative@1.0.0
40 silly currentTree ├── is-retry-allowed@1.2.0
40 silly currentTree ├── is-stream@1.1.0
40 silly currentTree ├── is-typedarray@1.0.0
40 silly currentTree ├── is-unc-path@1.0.0
40 silly currentTree ├── is-windows@1.0.2
40 silly currentTree ├── isarray@0.0.1
40 silly currentTree ├── isexe@2.0.0
40 silly currentTree ├── isobject@3.0.1
40 silly currentTree ├── isstream@0.1.2
40 silly currentTree ├── js-levenshtein@1.1.6
40 silly currentTree ├── js-tokens@3.0.2
40 silly currentTree ├── jsbn@0.1.1
40 silly currentTree ├── json-schema-traverse@0.4.1
40 silly currentTree ├── json-schema@0.2.3
40 silly currentTree ├── json-stringify-safe@5.0.1
40 silly currentTree ├─┬ jsonwebtoken@8.5.1
40 silly currentTree │ └── ms@2.1.2
40 silly currentTree ├── jsprim@1.4.1
40 silly currentTree ├── jwa@1.4.1
40 silly currentTree ├── jws@3.2.2
40 silly currentTree ├── kind-of@6.0.2
40 silly currentTree ├─┬ knex@0.19.4
40 silly currentTree │ ├── debug@4.1.1
40 silly currentTree │ └── ms@2.1.2
40 silly currentTree ├── latest-version@3.1.0
40 silly currentTree ├── liftoff@3.1.0
40 silly currentTree ├── locate-path@3.0.0
40 silly currentTree ├── lodash.includes@4.3.0
40 silly currentTree ├── lodash.isboolean@3.0.3
40 silly currentTree ├── lodash.isinteger@4.0.4
40 silly currentTree ├── lodash.isnumber@3.0.3
40 silly currentTree ├── lodash.isplainobject@4.0.6
40 silly currentTree ├── lodash.isstring@4.0.1
40 silly currentTree ├── lodash.once@4.1.1
40 silly currentTree ├── lodash@4.17.15
40 silly currentTree ├── loose-envify@1.4.0
40 silly currentTree ├── lowercase-keys@1.0.1
40 silly currentTree ├─┬ lru-cache@4.1.5
40 silly currentTree │ └── yallist@2.1.2
40 silly currentTree ├── make-dir@1.3.0
40 silly currentTree ├── make-iterator@1.0.1
40 silly currentTree ├── map-cache@0.2.2
40 silly currentTree ├── map-visit@1.0.0
40 silly currentTree ├── micromatch@3.1.10
40 silly currentTree ├── mime-db@1.42.0
40 silly currentTree ├─┬ mime-types@2.1.24
40 silly currentTree │ └── mime-db@1.40.0
40 silly currentTree ├── minimatch@3.0.4
40 silly currentTree ├── minimist@0.0.8
40 silly currentTree ├── minipass@2.8.6
40 silly currentTree ├─┬ minizlib@1.3.2
40 silly currentTree │ └── minipass@2.9.0
40 silly currentTree ├─┬ mixin-deep@1.3.2
40 silly currentTree │ └── is-extendable@1.0.1
40 silly currentTree ├── mkdirp@0.5.1
40 silly currentTree ├── ms@2.0.0
40 silly currentTree ├── nan@2.14.0
40 silly currentTree ├── nanomatch@1.2.13
40 silly currentTree ├─┬ needle@2.4.0
40 silly currentTree │ ├── debug@3.2.6
40 silly currentTree │ └── ms@2.1.2
40 silly currentTree ├── node-modules-regexp@1.0.0
40 silly currentTree ├── node-pre-gyp@0.11.0
40 silly currentTree ├── node-releases@1.1.33
40 silly currentTree ├─┬ nodemon@1.19.3
40 silly currentTree │ ├── debug@3.2.6
40 silly currentTree │ ├── ms@2.1.2
40 silly currentTree │ └── supports-color@5.5.0
40 silly currentTree ├── nopt@4.0.1
40 silly currentTree ├── normalize-path@3.0.0
40 silly currentTree ├── npm-bundled@1.0.6
40 silly currentTree ├── npm-packlist@1.4.4
40 silly currentTree ├── npm-run-path@2.0.2
40 silly currentTree ├── npmlog@4.1.2
40 silly currentTree ├── number-is-nan@1.0.1
40 silly currentTree ├── oauth-sign@0.9.0
40 silly currentTree ├── object-assign@4.1.1
40 silly currentTree ├─┬ object-copy@0.1.0
40 silly currentTree │ ├── define-property@0.2.5
40 silly currentTree │ └── kind-of@3.2.2
40 silly currentTree ├── object-keys@1.1.1
40 silly currentTree ├── object-visit@1.0.1
40 silly currentTree ├── object.assign@4.1.0
40 silly currentTree ├── object.defaults@1.1.0
40 silly currentTree ├── object.map@1.0.1
40 silly currentTree ├── object.pick@1.3.0
40 silly currentTree ├── once@1.4.0
40 silly currentTree ├── os-homedir@1.0.2
40 silly currentTree ├── os-tmpdir@1.0.2
40 silly currentTree ├── osenv@0.1.5
40 silly currentTree ├── p-finally@1.0.0
40 silly currentTree ├── p-limit@2.2.1
40 silly currentTree ├── p-locate@3.0.0
40 silly currentTree ├── p-try@2.2.0
40 silly currentTree ├── package-json@4.0.1
40 silly currentTree ├── parse-filepath@1.0.2
40 silly currentTree ├── parse-passwd@1.0.0
40 silly currentTree ├── pascalcase@0.1.1
40 silly currentTree ├── path-dirname@1.0.2
40 silly currentTree ├── path-exists@3.0.0
40 silly currentTree ├── path-is-absolute@1.0.1
40 silly currentTree ├── path-is-inside@1.0.2
40 silly currentTree ├── path-key@2.0.1
40 silly currentTree ├── path-parse@1.0.6
40 silly currentTree ├── path-root-regex@0.1.2
40 silly currentTree ├── path-root@0.1.1
40 silly currentTree ├── performance-now@2.1.0
40 silly currentTree ├── pg-connection-string@2.1.0
40 silly currentTree ├── pify@3.0.0
40 silly currentTree ├── pirates@4.0.1
40 silly currentTree ├── pkg-dir@3.0.0
40 silly currentTree ├── posix-character-classes@0.1.1
40 silly currentTree ├── prepend-http@1.0.4
40 silly currentTree ├── private@0.1.8
40 silly currentTree ├── process-nextick-args@2.0.1
40 silly currentTree ├── pseudomap@1.0.2
40 silly currentTree ├── psl@1.4.0
40 silly currentTree ├── pstree.remy@1.1.7
40 silly currentTree ├── punycode@2.1.1
40 silly currentTree ├── qs@6.5.2
40 silly currentTree ├─┬ rc@1.2.8
40 silly currentTree │ └── minimist@1.2.0
40 silly currentTree ├─┬ readable-stream@2.3.6
40 silly currentTree │ └── isarray@1.0.0
40 silly currentTree ├── readdirp@2.2.1
40 silly currentTree ├── rechoir@0.6.2
40 silly currentTree ├── regenerate-unicode-properties@8.1.0
40 silly currentTree ├── regenerate@1.4.0
40 silly currentTree ├── regex-not@1.0.2
40 silly currentTree ├── registry-auth-token@3.4.0
40 silly currentTree ├── registry-url@3.1.0
40 silly currentTree ├── remove-trailing-separator@1.1.0
40 silly currentTree ├── repeat-element@1.1.3
40 silly currentTree ├── repeat-string@1.6.1
40 silly currentTree ├── request@2.88.0
40 silly currentTree ├── resolve-dir@1.0.1
40 silly currentTree ├── resolve-url@0.2.1
40 silly currentTree ├── resolve@1.12.0
40 silly currentTree ├── ret@0.1.15
40 silly currentTree ├─┬ rimraf@2.7.1
40 silly currentTree │ └── glob@7.1.4
40 silly currentTree ├── safe-buffer@5.1.2
40 silly currentTree ├── safe-regex@1.1.0
40 silly currentTree ├── safer-buffer@2.1.2
40 silly currentTree ├── sax@1.2.4
40 silly currentTree ├── semver-diff@2.1.0
40 silly currentTree ├── semver@5.7.1
40 silly currentTree ├── set-blocking@2.0.0
40 silly currentTree ├─┬ set-value@2.0.1
40 silly currentTree │ └── extend-shallow@2.0.1
40 silly currentTree ├── shebang-command@1.2.0
40 silly currentTree ├── shebang-regex@1.0.0
40 silly currentTree ├── signal-exit@3.0.2
40 silly currentTree ├─┬ snapdragon-node@2.1.1
40 silly currentTree │ ├── define-property@1.0.0
40 silly currentTree │ ├── is-accessor-descriptor@1.0.0
40 silly currentTree │ ├── is-data-descriptor@1.0.0
40 silly currentTree │ └── is-descriptor@1.0.2
40 silly currentTree ├─┬ snapdragon-util@3.0.1
40 silly currentTree │ └── kind-of@3.2.2
40 silly currentTree ├─┬ snapdragon@0.8.2
40 silly currentTree │ ├── define-property@0.2.5
40 silly currentTree │ └── extend-shallow@2.0.1
40 silly currentTree ├── source-map-resolve@0.5.2
40 silly currentTree ├── source-map-url@0.4.0
40 silly currentTree ├── source-map@0.5.7
40 silly currentTree ├── split-string@3.1.0
40 silly currentTree ├── sqlite3@4.1.0
40 silly currentTree ├── sshpk@1.16.1
40 silly currentTree ├─┬ static-extend@0.1.2
40 silly currentTree │ └── define-property@0.2.5
40 silly currentTree ├── string_decoder@1.1.1
40 silly currentTree ├── string-width@1.0.2
40 silly currentTree ├── strip-ansi@3.0.1
40 silly currentTree ├── strip-eof@1.0.0
40 silly currentTree ├── strip-json-comments@2.0.1
40 silly currentTree ├── tar@4.4.13
40 silly currentTree ├── tarn@2.0.0
40 silly currentTree ├── term-size@1.2.0
40 silly currentTree ├── tildify@2.0.0
40 silly currentTree ├── timed-out@4.0.1
40 silly currentTree ├─┬ to-object-path@0.3.0
40 silly currentTree │ └── kind-of@3.2.2
40 silly currentTree ├── to-regex-range@2.1.1
40 silly currentTree ├── to-regex@3.0.2
40 silly currentTree ├─┬ touch@3.1.0
40 silly currentTree │ └── nopt@1.0.10
40 silly currentTree ├─┬ tough-cookie@2.4.3
40 silly currentTree │ └── punycode@1.4.1
40 silly currentTree ├── tunnel-agent@0.6.0
40 silly currentTree ├── tweetnacl@0.14.5
40 silly currentTree ├── unc-path-regex@0.1.2
40 silly currentTree ├── undefsafe@2.0.2
40 silly currentTree ├── unicode-canonical-property-names-ecmascript@1.0.4
40 silly currentTree ├── unicode-match-property-ecmascript@1.0.4
40 silly currentTree ├── unicode-match-property-value-ecmascript@1.1.0
40 silly currentTree ├── unicode-property-aliases-ecmascript@1.0.5
40 silly currentTree ├── union-value@1.0.1
40 silly currentTree ├── unique-string@1.0.0
40 silly currentTree ├─┬ unset-value@1.0.0
40 silly currentTree │ ├─┬ has-value@0.3.1
40 silly currentTree │ │ └── isobject@2.1.0
40 silly currentTree │ ├── has-values@0.1.4
40 silly currentTree │ └── isarray@1.0.0
40 silly currentTree ├── unzip-response@2.0.1
40 silly currentTree ├── upath@1.2.0
40 silly currentTree ├─┬ update-notifier@2.5.0
40 silly currentTree │ ├── ansi-styles@3.2.1
40 silly currentTree │ ├── chalk@2.4.2
40 silly currentTree │ └── supports-color@5.5.0
40 silly currentTree ├── uri-js@4.2.2
40 silly currentTree ├── urix@0.1.0
40 silly currentTree ├── url-parse-lax@1.0.0
40 silly currentTree ├── use@3.1.1
40 silly currentTree ├── util-deprecate@1.0.2
40 silly currentTree ├── uuid@3.3.3
40 silly currentTree ├── v8flags@3.1.3
40 silly currentTree ├── verror@1.10.0
40 silly currentTree ├── which@1.3.1
40 silly currentTree ├── wide-align@1.1.3
40 silly currentTree ├─┬ widest-line@2.0.1
40 silly currentTree │ ├── ansi-regex@3.0.0
40 silly currentTree │ ├── is-fullwidth-code-point@2.0.0
40 silly currentTree │ ├── string-width@2.1.1
40 silly currentTree │ └── strip-ansi@4.0.0
40 silly currentTree ├── wrappy@1.0.2
40 silly currentTree ├── write-file-atomic@2.4.3
40 silly currentTree ├── xdg-basedir@3.0.0
40 silly currentTree └── yallist@3.1.0
41 silly idealTree tarefas-api@0.0.1
41 silly idealTree ├── @babel/code-frame@7.5.5
41 silly idealTree ├─┬ @babel/core@7.6.2
41 silly idealTree │ ├── debug@4.1.1
41 silly idealTree │ ├── json5@2.1.0
41 silly idealTree │ ├── minimist@1.2.0
41 silly idealTree │ └── ms@2.1.2
41 silly idealTree ├─┬ @babel/generator@7.6.2
41 silly idealTree │ └── jsesc@2.5.2
41 silly idealTree ├── @babel/helper-annotate-as-pure@7.0.0
41 silly idealTree ├── @babel/helper-builder-binary-assignment-operator-visitor@7.1.0
41 silly idealTree ├── @babel/helper-call-delegate@7.4.4
41 silly idealTree ├── @babel/helper-create-class-features-plugin@7.6.0
41 silly idealTree ├── @babel/helper-define-map@7.5.5
41 silly idealTree ├── @babel/helper-explode-assignable-expression@7.1.0
41 silly idealTree ├── @babel/helper-function-name@7.1.0
41 silly idealTree ├── @babel/helper-get-function-arity@7.0.0
41 silly idealTree ├── @babel/helper-hoist-variables@7.4.4
41 silly idealTree ├── @babel/helper-member-expression-to-functions@7.5.5
41 silly idealTree ├── @babel/helper-module-imports@7.0.0
41 silly idealTree ├── @babel/helper-module-transforms@7.5.5
41 silly idealTree ├── @babel/helper-optimise-call-expression@7.0.0
41 silly idealTree ├── @babel/helper-plugin-utils@7.0.0
41 silly idealTree ├── @babel/helper-regex@7.5.5
41 silly idealTree ├── @babel/helper-remap-async-to-generator@7.1.0
41 silly idealTree ├── @babel/helper-replace-supers@7.5.5
41 silly idealTree ├── @babel/helper-simple-access@7.1.0
41 silly idealTree ├── @babel/helper-split-export-declaration@7.4.4
41 silly idealTree ├── @babel/helper-wrap-function@7.2.0
41 silly idealTree ├── @babel/helpers@7.6.2
41 silly idealTree ├─┬ @babel/highlight@7.5.0
41 silly idealTree │ ├── ansi-styles@3.2.1
41 silly idealTree │ ├── chalk@2.4.2
41 silly idealTree │ ├── js-tokens@4.0.0
41 silly idealTree │ └── supports-color@5.5.0
41 silly idealTree ├── @babel/parser@7.6.2
41 silly idealTree ├── @babel/plugin-proposal-async-generator-functions@7.2.0
41 silly idealTree ├── @babel/plugin-proposal-class-properties@7.5.5
41 silly idealTree ├── @babel/plugin-proposal-dynamic-import@7.5.0
41 silly idealTree ├── @babel/plugin-proposal-json-strings@7.2.0
41 silly idealTree ├── @babel/plugin-proposal-object-rest-spread@7.6.2
41 silly idealTree ├── @babel/plugin-proposal-optional-catch-binding@7.2.0
41 silly idealTree ├─┬ @babel/plugin-proposal-unicode-property-regex@7.6.2
41 silly idealTree │ ├── jsesc@0.5.0
41 silly idealTree │ ├── regexpu-core@4.6.0
41 silly idealTree │ ├── regjsgen@0.5.0
41 silly idealTree │ └── regjsparser@0.6.0
41 silly idealTree ├── @babel/plugin-syntax-async-generators@7.2.0
41 silly idealTree ├── @babel/plugin-syntax-dynamic-import@7.2.0
41 silly idealTree ├── @babel/plugin-syntax-json-strings@7.2.0
41 silly idealTree ├── @babel/plugin-syntax-object-rest-spread@7.2.0
41 silly idealTree ├── @babel/plugin-syntax-optional-catch-binding@7.2.0
41 silly idealTree ├── @babel/plugin-transform-arrow-functions@7.2.0
41 silly idealTree ├── @babel/plugin-transform-async-to-generator@7.5.0
41 silly idealTree ├── @babel/plugin-transform-block-scoped-functions@7.2.0
41 silly idealTree ├── @babel/plugin-transform-block-scoping@7.6.2
41 silly idealTree ├─┬ @babel/plugin-transform-classes@7.5.5
41 silly idealTree │ └── globals@11.12.0
41 silly idealTree ├── @babel/plugin-transform-computed-properties@7.2.0
41 silly idealTree ├── @babel/plugin-transform-destructuring@7.6.0
41 silly idealTree ├─┬ @babel/plugin-transform-dotall-regex@7.6.2
41 silly idealTree │ ├── jsesc@0.5.0
41 silly idealTree │ ├── regexpu-core@4.6.0
41 silly idealTree │ ├── regjsgen@0.5.0
41 silly idealTree │ └── regjsparser@0.6.0
41 silly idealTree ├── @babel/plugin-transform-duplicate-keys@7.5.0
41 silly idealTree ├── @babel/plugin-transform-exponentiation-operator@7.2.0
41 silly idealTree ├── @babel/plugin-transform-for-of@7.4.4
41 silly idealTree ├── @babel/plugin-transform-function-name@7.4.4
41 silly idealTree ├── @babel/plugin-transform-literals@7.2.0
41 silly idealTree ├── @babel/plugin-transform-member-expression-literals@7.2.0
41 silly idealTree ├── @babel/plugin-transform-modules-amd@7.5.0
41 silly idealTree ├── @babel/plugin-transform-modules-commonjs@7.6.0
41 silly idealTree ├── @babel/plugin-transform-modules-systemjs@7.5.0
41 silly idealTree ├── @babel/plugin-transform-modules-umd@7.2.0
41 silly idealTree ├─┬ @babel/plugin-transform-named-capturing-groups-regex@7.6.2
41 silly idealTree │ ├── jsesc@0.5.0
41 silly idealTree │ ├── regexpu-core@4.6.0
41 silly idealTree │ ├── regjsgen@0.5.0
41 silly idealTree │ └── regjsparser@0.6.0
41 silly idealTree ├── @babel/plugin-transform-new-target@7.4.4
41 silly idealTree ├── @babel/plugin-transform-object-super@7.5.5
41 silly idealTree ├── @babel/plugin-transform-parameters@7.4.4
41 silly idealTree ├── @babel/plugin-transform-property-literals@7.2.0
41 silly idealTree ├─┬ @babel/plugin-transform-regenerator@7.4.5
41 silly idealTree │ └── regenerator-transform@0.14.1
41 silly idealTree ├── @babel/plugin-transform-reserved-words@7.2.0
41 silly idealTree ├── @babel/plugin-transform-shorthand-properties@7.2.0
41 silly idealTree ├── @babel/plugin-transform-spread@7.6.2
41 silly idealTree ├── @babel/plugin-transform-sticky-regex@7.2.0
41 silly idealTree ├── @babel/plugin-transform-template-literals@7.4.4
41 silly idealTree ├── @babel/plugin-transform-typeof-symbol@7.2.0
41 silly idealTree ├─┬ @babel/plugin-transform-unicode-regex@7.6.2
41 silly idealTree │ ├── jsesc@0.5.0
41 silly idealTree │ ├── regexpu-core@4.6.0
41 silly idealTree │ ├── regjsgen@0.5.0
41 silly idealTree │ └── regjsparser@0.6.0
41 silly idealTree ├─┬ @babel/polyfill@7.6.0
41 silly idealTree │ └── regenerator-runtime@0.13.3
41 silly idealTree ├─┬ @babel/preset-env@7.6.2
41 silly idealTree │ └── browserslist@4.7.0
41 silly idealTree ├─┬ @babel/register@7.6.2
41 silly idealTree │ ├── source-map-support@0.5.13
41 silly idealTree │ └── source-map@0.6.1
41 silly idealTree ├── @babel/template@7.6.0
41 silly idealTree ├─┬ @babel/traverse@7.6.2
41 silly idealTree │ ├── debug@4.1.1
41 silly idealTree │ ├── globals@11.12.0
41 silly idealTree │ └── ms@2.1.2
41 silly idealTree ├─┬ @babel/types@7.6.1
41 silly idealTree │ └── to-fast-properties@2.0.0
41 silly idealTree ├── @hapi/accept@3.2.3
41 silly idealTree ├── @hapi/address@2.1.2
41 silly idealTree ├── @hapi/ammo@3.1.1
41 silly idealTree ├── @hapi/b64@4.2.1
41 silly idealTree ├── @hapi/basic@5.1.1
41 silly idealTree ├── @hapi/boom@7.4.11
41 silly idealTree ├── @hapi/bounce@1.3.1
41 silly idealTree ├── @hapi/bourne@1.3.2
41 silly idealTree ├── @hapi/call@5.1.1
41 silly idealTree ├── @hapi/catbox-memory@4.1.1
41 silly idealTree ├─┬ @hapi/catbox@10.2.3
41 silly idealTree │ └── @hapi/joi@16.1.4
41 silly idealTree ├── @hapi/content@4.1.0
41 silly idealTree ├── @hapi/cryptiles@4.2.1
41 silly idealTree ├── @hapi/file@1.0.0
41 silly idealTree ├── @hapi/formula@1.2.0
41 silly idealTree ├── @hapi/hapi@18.4.0
41 silly idealTree ├─┬ @hapi/heavy@6.2.2
41 silly idealTree │ └── @hapi/joi@16.1.4
41 silly idealTree ├── @hapi/hoek@8.2.5
41 silly idealTree ├── @hapi/iron@5.1.4
41 silly idealTree ├── @hapi/joi@15.1.1
41 silly idealTree ├── @hapi/mimos@4.1.1
41 silly idealTree ├── @hapi/nigel@3.1.1
41 silly idealTree ├── @hapi/pez@4.1.1
41 silly idealTree ├── @hapi/pinpoint@1.0.2
41 silly idealTree ├─┬ @hapi/podium@3.4.2
41 silly idealTree │ └── @hapi/joi@16.1.4
41 silly idealTree ├─┬ @hapi/shot@4.1.2
41 silly idealTree │ └── @hapi/joi@16.1.4
41 silly idealTree ├── @hapi/somever@2.1.1
41 silly idealTree ├─┬ @hapi/statehood@6.1.2
41 silly idealTree │ └── @hapi/joi@16.1.4
41 silly idealTree ├── @hapi/subtext@6.1.2
41 silly idealTree ├── @hapi/teamwork@3.3.1
41 silly idealTree ├── @hapi/topo@3.1.4
41 silly idealTree ├── @hapi/vise@3.1.1
41 silly idealTree ├── @hapi/wreck@15.1.0
41 silly idealTree ├── abbrev@1.1.1
41 silly idealTree ├── ajv@6.10.2
41 silly idealTree ├─┬ ansi-align@2.0.0
41 silly idealTree │ ├── ansi-regex@3.0.0
41 silly idealTree │ ├── is-fullwidth-code-point@2.0.0
41 silly idealTree │ ├── string-width@2.1.1
41 silly idealTree │ └── strip-ansi@4.0.0
41 silly idealTree ├── ansi-regex@2.1.1
41 silly idealTree ├─┬ anymatch@2.0.0
41 silly idealTree │ └── normalize-path@2.1.1
41 silly idealTree ├── aproba@1.2.0
41 silly idealTree ├── are-we-there-yet@1.1.5
41 silly idealTree ├── arr-diff@4.0.0
41 silly idealTree ├── arr-flatten@1.1.0
41 silly idealTree ├── arr-union@3.1.0
41 silly idealTree ├── array-each@1.0.1
41 silly idealTree ├── array-slice@1.1.0
41 silly idealTree ├── array-unique@0.3.2
41 silly idealTree ├── asn1@0.2.4
41 silly idealTree ├── assert-plus@1.0.0
41 silly idealTree ├── assign-symbols@1.0.0
41 silly idealTree ├── async-each@1.0.3
41 silly idealTree ├── asynckit@0.4.0
41 silly idealTree ├── atob@2.1.2
41 silly idealTree ├── aws-sign2@0.7.0
41 silly idealTree ├── aws4@1.8.0
41 silly idealTree ├── babel-plugin-dynamic-import-node@2.3.0
41 silly idealTree ├── balanced-match@1.0.0
41 silly idealTree ├─┬ base@0.11.2
41 silly idealTree │ ├── define-property@1.0.0
41 silly idealTree │ ├── is-accessor-descriptor@1.0.0
41 silly idealTree │ ├── is-data-descriptor@1.0.0
41 silly idealTree │ └── is-descriptor@1.0.2
41 silly idealTree ├── bcrypt-pbkdf@1.0.2
41 silly idealTree ├─┬ bcrypt@3.0.6
41 silly idealTree │ ├── nan@2.13.2
41 silly idealTree │ └── node-pre-gyp@0.12.0
41 silly idealTree ├── binary-extensions@1.13.1
41 silly idealTree ├── bluebird@3.5.5
41 silly idealTree ├─┬ boxen@1.3.0
41 silly idealTree │ ├── ansi-regex@3.0.0
41 silly idealTree │ ├── ansi-styles@3.2.1
41 silly idealTree │ ├── chalk@2.4.2
41 silly idealTree │ ├── is-fullwidth-code-point@2.0.0
41 silly idealTree │ ├── string-width@2.1.1
41 silly idealTree │ ├── strip-ansi@4.0.0
41 silly idealTree │ └── supports-color@5.5.0
41 silly idealTree ├── brace-expansion@1.1.11
41 silly idealTree ├─┬ braces@2.3.2
41 silly idealTree │ └── extend-shallow@2.0.1
41 silly idealTree ├── buffer-equal-constant-time@1.0.1
41 silly idealTree ├── buffer-from@1.1.1
41 silly idealTree ├── cache-base@1.0.1
41 silly idealTree ├── camelcase@4.1.0
41 silly idealTree ├── caniuse-lite@1.0.30000997
41 silly idealTree ├── capture-stack-trace@1.0.1
41 silly idealTree ├── caseless@0.12.0
41 silly idealTree ├── cast-array@1.0.1
41 silly idealTree ├── chokidar@2.1.8
41 silly idealTree ├── chownr@1.1.3
41 silly idealTree ├── ci-info@1.6.0
41 silly idealTree ├─┬ class-utils@0.3.6
41 silly idealTree │ └── define-property@0.2.5
41 silly idealTree ├── cli-boxes@1.0.0
41 silly idealTree ├── code-point-at@1.1.0
41 silly idealTree ├── collection-visit@1.0.0
41 silly idealTree ├── color-convert@1.9.3
41 silly idealTree ├── color-name@1.1.3
41 silly idealTree ├── colorette@1.1.0
41 silly idealTree ├── combined-stream@1.0.8
41 silly idealTree ├── commander@3.0.2
41 silly idealTree ├── commondir@1.0.1
41 silly idealTree ├── component-emitter@1.3.0
41 silly idealTree ├── concat-map@0.0.1
41 silly idealTree ├── configstore@3.1.2
41 silly idealTree ├── console-control-strings@1.1.0
41 silly idealTree ├── convert-source-map@1.6.0
41 silly idealTree ├── cookie@0.3.1
41 silly idealTree ├── copy-descriptor@0.1.1
41 silly idealTree ├─┬ core-js-compat@3.2.1
41 silly idealTree │ ├── browserslist@4.7.0
41 silly idealTree │ └── semver@6.3.0
41 silly idealTree ├── core-js@2.6.9
41 silly idealTree ├── core-util-is@1.0.2
41 silly idealTree ├── create-error-class@3.0.2
41 silly idealTree ├── cross-spawn@5.1.0
41 silly idealTree ├── crypto-random-string@1.0.0
41 silly idealTree ├── dashdash@1.14.1
41 silly idealTree ├── debug@2.6.9
41 silly idealTree ├── decode-uri-component@0.2.0
41 silly idealTree ├── deep-extend@0.6.0
41 silly idealTree ├── define-properties@1.1.3
41 silly idealTree ├─┬ define-property@2.0.2
41 silly idealTree │ ├── is-accessor-descriptor@1.0.0
41 silly idealTree │ ├── is-data-descriptor@1.0.0
41 silly idealTree │ └── is-descriptor@1.0.2
41 silly idealTree ├── delayed-stream@1.0.0
41 silly idealTree ├── delegates@1.0.0
41 silly idealTree ├── detect-file@1.0.0
41 silly idealTree ├── detect-libc@1.0.3
41 silly idealTree ├── dot-prop@4.2.0
41 silly idealTree ├── duplexer3@0.1.4
41 silly idealTree ├── ecc-jsbn@0.1.2
41 silly idealTree ├── ecdsa-sig-formatter@1.0.11
41 silly idealTree ├── electron-to-chromium@1.3.269
41 silly idealTree ├── escape-string-regexp@1.0.5
41 silly idealTree ├── esutils@2.0.3
41 silly idealTree ├── execa@0.7.0
41 silly idealTree ├─┬ expand-brackets@2.1.4
41 silly idealTree │ ├── define-property@0.2.5
41 silly idealTree │ └── extend-shallow@2.0.1
41 silly idealTree ├── expand-tilde@2.0.2
41 silly idealTree ├─┬ extend-shallow@3.0.2
41 silly idealTree │ └── is-extendable@1.0.1
41 silly idealTree ├── extend@3.0.2
41 silly idealTree ├─┬ extglob@2.0.4
41 silly idealTree │ ├── define-property@1.0.0
41 silly idealTree │ ├── extend-shallow@2.0.1
41 silly idealTree │ ├── is-accessor-descriptor@1.0.0
41 silly idealTree │ ├── is-data-descriptor@1.0.0
41 silly idealTree │ └── is-descriptor@1.0.2
41 silly idealTree ├── extsprintf@1.3.0
41 silly idealTree ├── fast-deep-equal@2.0.1
41 silly idealTree ├── fast-json-stable-stringify@2.0.0
41 silly idealTree ├─┬ fill-range@4.0.0
41 silly idealTree │ └── extend-shallow@2.0.1
41 silly idealTree ├─┬ find-cache-dir@2.1.0
41 silly idealTree │ ├── make-dir@2.1.0
41 silly idealTree │ └── pify@4.0.1
41 silly idealTree ├── find-up@3.0.0
41 silly idealTree ├── findup-sync@3.0.0
41 silly idealTree ├── fined@1.2.0
41 silly idealTree ├── flagged-respawn@1.0.1
41 silly idealTree ├── for-in@1.0.2
41 silly idealTree ├── for-own@1.0.0
41 silly idealTree ├── forever-agent@0.6.1
41 silly idealTree ├── form-data@2.3.3
41 silly idealTree ├── fragment-cache@0.2.1
41 silly idealTree ├── fs-minipass@1.2.7
41 silly idealTree ├── fs.realpath@1.0.0
41 silly idealTree ├── function-bind@1.1.1
41 silly idealTree ├── gauge@2.7.4
41 silly idealTree ├── get-stream@3.0.0
41 silly idealTree ├── get-value@2.0.6
41 silly idealTree ├── getopts@2.2.5
41 silly idealTree ├── getpass@0.1.7
41 silly idealTree ├─┬ glob-parent@3.1.0
41 silly idealTree │ └── is-glob@3.1.0
41 silly idealTree ├── glob@5.0.15
41 silly idealTree ├── global-dirs@0.1.1
41 silly idealTree ├── global-modules@1.0.0
41 silly idealTree ├── global-prefix@1.0.2
41 silly idealTree ├── got@6.7.1
41 silly idealTree ├── graceful-fs@4.2.2
41 silly idealTree ├── hapi-auth-jwt2@8.6.2
41 silly idealTree ├── hapi-router@5.0.0
41 silly idealTree ├── har-schema@2.0.0
41 silly idealTree ├── har-validator@5.1.3
41 silly idealTree ├── has-flag@3.0.0
41 silly idealTree ├── has-symbols@1.0.0
41 silly idealTree ├── has-unicode@2.0.1
41 silly idealTree ├── has-value@1.0.0
41 silly idealTree ├─┬ has-values@1.0.0
41 silly idealTree │ └── kind-of@4.0.0
41 silly idealTree ├── homedir-polyfill@1.0.3
41 silly idealTree ├── http-signature@1.2.0
41 silly idealTree ├── iconv-lite@0.4.24
41 silly idealTree ├── ignore-by-default@1.0.1
41 silly idealTree ├── ignore-walk@3.0.2
41 silly idealTree ├── import-lazy@2.1.0
41 silly idealTree ├── imurmurhash@0.1.4
41 silly idealTree ├── inflight@1.0.6
41 silly idealTree ├── inherits@2.0.4
41 silly idealTree ├── ini@1.3.5
41 silly idealTree ├── interpret@1.2.0
41 silly idealTree ├── invariant@2.2.4
41 silly idealTree ├── is-absolute@1.0.0
41 silly idealTree ├─┬ is-accessor-descriptor@0.1.6
41 silly idealTree │ └── kind-of@3.2.2
41 silly idealTree ├── is-binary-path@1.0.1
41 silly idealTree ├── is-buffer@1.1.6
41 silly idealTree ├── is-ci@1.2.1
41 silly idealTree ├─┬ is-data-descriptor@0.1.4
41 silly idealTree │ └── kind-of@3.2.2
41 silly idealTree ├─┬ is-descriptor@0.1.6
41 silly idealTree │ └── kind-of@5.1.0
41 silly idealTree ├── is-extendable@0.1.1
41 silly idealTree ├── is-extglob@2.1.1
41 silly idealTree ├── is-fullwidth-code-point@1.0.0
41 silly idealTree ├── is-glob@4.0.1
41 silly idealTree ├── is-installed-globally@0.1.0
41 silly idealTree ├── is-npm@1.0.0
41 silly idealTree ├─┬ is-number@3.0.0
41 silly idealTree │ └── kind-of@3.2.2
41 silly idealTree ├── is-obj@1.0.1
41 silly idealTree ├── is-path-inside@1.0.1
41 silly idealTree ├── is-plain-object@2.0.4
41 silly idealTree ├── is-redirect@1.0.0
41 silly idealTree ├── is-relative@1.0.0
41 silly idealTree ├── is-retry-allowed@1.2.0
41 silly idealTree ├── is-stream@1.1.0
41 silly idealTree ├── is-typedarray@1.0.0
41 silly idealTree ├── is-unc-path@1.0.0
41 silly idealTree ├── is-windows@1.0.2
41 silly idealTree ├── isarray@0.0.1
41 silly idealTree ├── isexe@2.0.0
41 silly idealTree ├── isobject@3.0.1
41 silly idealTree ├── isstream@0.1.2
41 silly idealTree ├── js-levenshtein@1.1.6
41 silly idealTree ├── js-tokens@3.0.2
41 silly idealTree ├── jsbn@0.1.1
41 silly idealTree ├── json-schema-traverse@0.4.1
41 silly idealTree ├── json-schema@0.2.3
41 silly idealTree ├── json-stringify-safe@5.0.1
41 silly idealTree ├─┬ jsonwebtoken@8.5.1
41 silly idealTree │ └── ms@2.1.2
41 silly idealTree ├── jsprim@1.4.1
41 silly idealTree ├── jwa@1.4.1
41 silly idealTree ├── jws@3.2.2
41 silly idealTree ├── kind-of@6.0.2
41 silly idealTree ├─┬ knex@0.19.4
41 silly idealTree │ ├── debug@4.1.1
41 silly idealTree │ └── ms@2.1.2
41 silly idealTree ├── latest-version@3.1.0
41 silly idealTree ├── liftoff@3.1.0
41 silly idealTree ├── locate-path@3.0.0
41 silly idealTree ├── lodash.includes@4.3.0
41 silly idealTree ├── lodash.isboolean@3.0.3
41 silly idealTree ├── lodash.isinteger@4.0.4
41 silly idealTree ├── lodash.isnumber@3.0.3
41 silly idealTree ├── lodash.isplainobject@4.0.6
41 silly idealTree ├── lodash.isstring@4.0.1
41 silly idealTree ├── lodash.once@4.1.1
41 silly idealTree ├── lodash@4.17.15
41 silly idealTree ├── loose-envify@1.4.0
41 silly idealTree ├── lowercase-keys@1.0.1
41 silly idealTree ├─┬ lru-cache@4.1.5
41 silly idealTree │ └── yallist@2.1.2
41 silly idealTree ├── make-dir@1.3.0
41 silly idealTree ├── make-iterator@1.0.1
41 silly idealTree ├── map-cache@0.2.2
41 silly idealTree ├── map-visit@1.0.0
41 silly idealTree ├── micromatch@3.1.10
41 silly idealTree ├── mime-db@1.42.0
41 silly idealTree ├─┬ mime-types@2.1.24
41 silly idealTree │ └── mime-db@1.40.0
41 silly idealTree ├── minimatch@3.0.4
41 silly idealTree ├── minimist@0.0.8
41 silly idealTree ├── minipass@2.8.6
41 silly idealTree ├─┬ minizlib@1.3.2
41 silly idealTree │ └── minipass@2.9.0
41 silly idealTree ├─┬ mixin-deep@1.3.2
41 silly idealTree │ └── is-extendable@1.0.1
41 silly idealTree ├── mkdirp@0.5.1
41 silly idealTree ├── ms@2.0.0
41 silly idealTree ├── nan@2.14.0
41 silly idealTree ├── nanomatch@1.2.13
41 silly idealTree ├─┬ needle@2.4.0
41 silly idealTree │ ├── debug@3.2.6
41 silly idealTree │ └── ms@2.1.2
41 silly idealTree ├── node-modules-regexp@1.0.0
41 silly idealTree ├── node-pre-gyp@0.11.0
41 silly idealTree ├── node-releases@1.1.33
41 silly idealTree ├─┬ nodemon@1.19.3
41 silly idealTree │ ├── debug@3.2.6
41 silly idealTree │ ├── ms@2.1.2
41 silly idealTree │ └── supports-color@5.5.0
41 silly idealTree ├── nopt@4.0.1
41 silly idealTree ├── normalize-path@3.0.0
41 silly idealTree ├── npm-bundled@1.0.6
41 silly idealTree ├── npm-packlist@1.4.4
41 silly idealTree ├── npm-run-path@2.0.2
41 silly idealTree ├── npmlog@4.1.2
41 silly idealTree ├── number-is-nan@1.0.1
41 silly idealTree ├── oauth-sign@0.9.0
41 silly idealTree ├── object-assign@4.1.1
41 silly idealTree ├─┬ object-copy@0.1.0
41 silly idealTree │ ├── define-property@0.2.5
41 silly idealTree │ └── kind-of@3.2.2
41 silly idealTree ├── object-keys@1.1.1
41 silly idealTree ├── object-visit@1.0.1
41 silly idealTree ├── object.assign@4.1.0
41 silly idealTree ├── object.defaults@1.1.0
41 silly idealTree ├── object.map@1.0.1
41 silly idealTree ├── object.pick@1.3.0
41 silly idealTree ├── once@1.4.0
41 silly idealTree ├── os-homedir@1.0.2
41 silly idealTree ├── os-tmpdir@1.0.2
41 silly idealTree ├── osenv@0.1.5
41 silly idealTree ├── p-finally@1.0.0
41 silly idealTree ├── p-limit@2.2.1
41 silly idealTree ├── p-locate@3.0.0
41 silly idealTree ├── p-try@2.2.0
41 silly idealTree ├── package-json@4.0.1
41 silly idealTree ├── parse-filepath@1.0.2
41 silly idealTree ├── parse-passwd@1.0.0
41 silly idealTree ├── pascalcase@0.1.1
41 silly idealTree ├── path-dirname@1.0.2
41 silly idealTree ├── path-exists@3.0.0
41 silly idealTree ├── path-is-absolute@1.0.1
41 silly idealTree ├── path-is-inside@1.0.2
41 silly idealTree ├── path-key@2.0.1
41 silly idealTree ├── path-parse@1.0.6
41 silly idealTree ├── path-root-regex@0.1.2
41 silly idealTree ├── path-root@0.1.1
41 silly idealTree ├── performance-now@2.1.0
41 silly idealTree ├── pg-connection-string@2.1.0
41 silly idealTree ├── pify@3.0.0
41 silly idealTree ├── pirates@4.0.1
41 silly idealTree ├── pkg-dir@3.0.0
41 silly idealTree ├── posix-character-classes@0.1.1
41 silly idealTree ├── prepend-http@1.0.4
41 silly idealTree ├── private@0.1.8
41 silly idealTree ├── process-nextick-args@2.0.1
41 silly idealTree ├── pseudomap@1.0.2
41 silly idealTree ├── psl@1.4.0
41 silly idealTree ├── pstree.remy@1.1.7
41 silly idealTree ├── punycode@2.1.1
41 silly idealTree ├── qs@6.5.2
41 silly idealTree ├─┬ rc@1.2.8
41 silly idealTree │ └── minimist@1.2.0
41 silly idealTree ├─┬ readable-stream@2.3.6
41 silly idealTree │ └── isarray@1.0.0
41 silly idealTree ├── readdirp@2.2.1
41 silly idealTree ├── rechoir@0.6.2
41 silly idealTree ├── regenerate-unicode-properties@8.1.0
41 silly idealTree ├── regenerate@1.4.0
41 silly idealTree ├── regex-not@1.0.2
41 silly idealTree ├── registry-auth-token@3.4.0
41 silly idealTree ├── registry-url@3.1.0
41 silly idealTree ├── remove-trailing-separator@1.1.0
41 silly idealTree ├── repeat-element@1.1.3
41 silly idealTree ├── repeat-string@1.6.1
41 silly idealTree ├── request@2.88.0
41 silly idealTree ├── resolve-dir@1.0.1
41 silly idealTree ├── resolve-url@0.2.1
41 silly idealTree ├── resolve@1.12.0
41 silly idealTree ├── ret@0.1.15
41 silly idealTree ├─┬ rimraf@2.7.1
41 silly idealTree │ └── glob@7.1.4
41 silly idealTree ├── safe-buffer@5.1.2
41 silly idealTree ├── safe-regex@1.1.0
41 silly idealTree ├── safer-buffer@2.1.2
41 silly idealTree ├── sax@1.2.4
41 silly idealTree ├── semver-diff@2.1.0
41 silly idealTree ├── semver@5.7.1
41 silly idealTree ├── set-blocking@2.0.0
41 silly idealTree ├─┬ set-value@2.0.1
41 silly idealTree │ └── extend-shallow@2.0.1
41 silly idealTree ├── shebang-command@1.2.0
41 silly idealTree ├── shebang-regex@1.0.0
41 silly idealTree ├── signal-exit@3.0.2
41 silly idealTree ├─┬ snapdragon-node@2.1.1
41 silly idealTree │ ├── define-property@1.0.0
41 silly idealTree │ ├── is-accessor-descriptor@1.0.0
41 silly idealTree │ ├── is-data-descriptor@1.0.0
41 silly idealTree │ └── is-descriptor@1.0.2
41 silly idealTree ├─┬ snapdragon-util@3.0.1
41 silly idealTree │ └── kind-of@3.2.2
41 silly idealTree ├─┬ snapdragon@0.8.2
41 silly idealTree │ ├── define-property@0.2.5
41 silly idealTree │ └── extend-shallow@2.0.1
41 silly idealTree ├── source-map-resolve@0.5.2
41 silly idealTree ├── source-map-url@0.4.0
41 silly idealTree ├── source-map@0.5.7
41 silly idealTree ├── split-string@3.1.0
41 silly idealTree ├── sqlite3@4.1.0
41 silly idealTree ├── sshpk@1.16.1
41 silly idealTree ├─┬ static-extend@0.1.2
41 silly idealTree │ └── define-property@0.2.5
41 silly idealTree ├── string_decoder@1.1.1
41 silly idealTree ├── string-width@1.0.2
41 silly idealTree ├── strip-ansi@3.0.1
41 silly idealTree ├── strip-eof@1.0.0
41 silly idealTree ├── strip-json-comments@2.0.1
41 silly idealTree ├── tar@4.4.13
41 silly idealTree ├── tarn@2.0.0
41 silly idealTree ├── term-size@1.2.0
41 silly idealTree ├── tildify@2.0.0
41 silly idealTree ├── timed-out@4.0.1
41 silly idealTree ├─┬ to-object-path@0.3.0
41 silly idealTree │ └── kind-of@3.2.2
41 silly idealTree ├── to-regex-range@2.1.1
41 silly idealTree ├── to-regex@3.0.2
41 silly idealTree ├─┬ touch@3.1.0
41 silly idealTree │ └── nopt@1.0.10
41 silly idealTree ├─┬ tough-cookie@2.4.3
41 silly idealTree │ └── punycode@1.4.1
41 silly idealTree ├── tunnel-agent@0.6.0
41 silly idealTree ├── tweetnacl@0.14.5
41 silly idealTree ├── unc-path-regex@0.1.2
41 silly idealTree ├── undefsafe@2.0.2
41 silly idealTree ├── unicode-canonical-property-names-ecmascript@1.0.4
41 silly idealTree ├── unicode-match-property-ecmascript@1.0.4
41 silly idealTree ├── unicode-match-property-value-ecmascript@1.1.0
41 silly idealTree ├── unicode-property-aliases-ecmascript@1.0.5
41 silly idealTree ├── union-value@1.0.1
41 silly idealTree ├── unique-string@1.0.0
41 silly idealTree ├─┬ unset-value@1.0.0
41 silly idealTree │ ├─┬ has-value@0.3.1
41 silly idealTree │ │ └── isobject@2.1.0
41 silly idealTree │ ├── has-values@0.1.4
41 silly idealTree │ └── isarray@1.0.0
41 silly idealTree ├── unzip-response@2.0.1
41 silly idealTree ├── upath@1.2.0
41 silly idealTree ├─┬ update-notifier@2.5.0
41 silly idealTree │ ├── ansi-styles@3.2.1
41 silly idealTree │ ├── chalk@2.4.2
41 silly idealTree │ └── supports-color@5.5.0
41 silly idealTree ├── uri-js@4.2.2
41 silly idealTree ├── urix@0.1.0
41 silly idealTree ├── url-parse-lax@1.0.0
41 silly idealTree ├── use@3.1.1
41 silly idealTree ├── util-deprecate@1.0.2
41 silly idealTree ├── uuid@3.3.3
41 silly idealTree ├── v8flags@3.1.3
41 silly idealTree ├── verror@1.10.0
41 silly idealTree ├── which@1.3.1
41 silly idealTree ├── wide-align@1.1.3
41 silly idealTree ├─┬ widest-line@2.0.1
41 silly idealTree │ ├── ansi-regex@3.0.0
41 silly idealTree │ ├── is-fullwidth-code-point@2.0.0
41 silly idealTree │ ├── string-width@2.1.1
41 silly idealTree │ └── strip-ansi@4.0.0
41 silly idealTree ├── wrappy@1.0.2
41 silly idealTree ├── write-file-atomic@2.4.3
41 silly idealTree ├── xdg-basedir@3.0.0
41 silly idealTree └── yallist@3.1.0
42 silly generateActionsToTake Starting
43 silly install generateActionsToTake
44 silly generateActionsToTake Finishing
45 silly diffTrees action count 1
46 silly diffTrees update @hapi/basic@5.1.1
47 silly decomposeActions action count 8
48 silly decomposeActions fetch @hapi/basic@5.1.1
49 silly decomposeActions extract @hapi/basic@5.1.1
50 silly decomposeActions test @hapi/basic@5.1.1
51 silly decomposeActions preinstall @hapi/basic@5.1.1
52 silly decomposeActions build @hapi/basic@5.1.1
53 silly decomposeActions install @hapi/basic@5.1.1
54 silly decomposeActions postinstall @hapi/basic@5.1.1
55 silly decomposeActions finalize @hapi/basic@5.1.1
56 silly executeActions Starting
57 silly install executeActions
58 silly doSerial global-install 0
59 silly doParallel fetch 1
60 verbose lock using /home/aluno/.npm/_locks/staging-79a877664775eda1.lock for /home/aluno/Área de Trabalho/barbara/2019-behappy-api/node_modules/.staging
61 silly doParallel extract 1
62 silly extract @hapi/basic@5.1.1
63 verbose unbuild node_modules/.staging/@hapi/basic-d9cf3ea8
64 silly gentlyRm /home/aluno/Área de Trabalho/barbara/2019-behappy-api/node_modules/.staging/@hapi/basic-d9cf3ea8 is being purged from base /home/aluno/Área de Trabalho/barbara/2019-behappy-api
65 verbose gentlyRm don't care about contents; nuking /home/aluno/Área de Trabalho/barbara/2019-behappy-api/node_modules/.staging/@hapi/basic-d9cf3ea8
66 verbose tar unpack /home/aluno/.npm/@hapi/basic/5.1.1/package.tgz
67 verbose tar unpacking to /home/aluno/Área de Trabalho/barbara/2019-behappy-api/node_modules/.staging/@hapi/basic-d9cf3ea8
68 silly gentlyRm /home/aluno/Área de Trabalho/barbara/2019-behappy-api/node_modules/.staging/@hapi/basic-d9cf3ea8 is being purged
69 verbose gentlyRm don't care about contents; nuking /home/aluno/Área de Trabalho/barbara/2019-behappy-api/node_modules/.staging/@hapi/basic-d9cf3ea8
70 silly gunzTarPerm modes [ '755', '644' ]
71 silly gunzTarPerm extractEntry .npmignore
72 silly gunzTarPerm modified mode [ '.npmignore', 436, 420 ]
73 silly gunzTarPerm extractEntry lib/index.js
74 silly gunzTarPerm extractEntry package.json
75 silly gunzTarPerm modified mode [ 'package.json', 436, 420 ]
76 silly gunzTarPerm extractEntry CHANGELOG.md
77 silly gunzTarPerm modified mode [ 'CHANGELOG.md', 436, 420 ]
78 silly gunzTarPerm extractEntry LICENSE.md
79 silly gunzTarPerm extractEntry README.md
80 silly gunzTarPerm modified mode [ 'README.md', 509, 493 ]
81 silly gentlyRm /home/aluno/Área de Trabalho/barbara/2019-behappy-api/node_modules/.staging/@hapi/basic-d9cf3ea8/node_modules is being purged
82 verbose gentlyRm don't care about contents; nuking /home/aluno/Área de Trabalho/barbara/2019-behappy-api/node_modules/.staging/@hapi/basic-d9cf3ea8/node_modules
83 silly doParallel preinstall 1
84 silly preinstall @hapi/basic@5.1.1 /home/aluno/Área de Trabalho/barbara/2019-behappy-api/node_modules/.staging/@hapi/basic-d9cf3ea8
85 info lifecycle @hapi/basic@5.1.1~preinstall: @hapi/basic@5.1.1
86 silly lifecycle @hapi/basic@5.1.1~preinstall: no script for preinstall, continuing
87 silly doReverseSerial remove 0
88 silly doSerial move 0
89 silly doSerial finalize 1
90 silly finalize /home/aluno/Área de Trabalho/barbara/2019-behappy-api/node_modules/@hapi/basic
91 silly doSerial build 1
92 silly build @hapi/basic@5.1.1
93 info linkStuff @hapi/basic@5.1.1
94 silly linkStuff @hapi/basic@5.1.1 has /home/aluno/Área de Trabalho/barbara/2019-behappy-api/node_modules as its parent node_modules
95 verbose linkBins @hapi/basic@5.1.1
96 verbose linkMans @hapi/basic@5.1.1
97 silly doSerial global-link 0
98 silly doParallel update-linked 0
99 silly doSerial install 1
100 silly install @hapi/basic@5.1.1 /home/aluno/Área de Trabalho/barbara/2019-behappy-api/node_modules/.staging/@hapi/basic-d9cf3ea8
101 info lifecycle @hapi/basic@5.1.1~install: @hapi/basic@5.1.1
102 silly lifecycle @hapi/basic@5.1.1~install: no script for install, continuing
103 silly doSerial postinstall 1
104 silly postinstall @hapi/basic@5.1.1 /home/aluno/Área de Trabalho/barbara/2019-behappy-api/node_modules/.staging/@hapi/basic-d9cf3ea8
105 info lifecycle @hapi/basic@5.1.1~postinstall: @hapi/basic@5.1.1
106 silly lifecycle @hapi/basic@5.1.1~postinstall: no script for postinstall, continuing
107 verbose unlock done using /home/aluno/.npm/_locks/staging-79a877664775eda1.lock for /home/aluno/Área de Trabalho/barbara/2019-behappy-api/node_modules/.staging
108 silly executeActions Finishing
109 silly rollbackFailedOptional Starting
110 silly rollbackFailedOptional Finishing
111 silly runTopLevelLifecycles Starting
112 silly install runTopLevelLifecycles
113 silly preinstall tarefas-api@0.0.1 /home/aluno/Área de Trabalho/barbara/2019-behappy-api/tarefas-api-c75c6e1d
114 info lifecycle tarefas-api@0.0.1~preinstall: tarefas-api@0.0.1
115 silly lifecycle tarefas-api@0.0.1~preinstall: no script for preinstall, continuing
116 silly build tarefas-api@0.0.1
117 info linkStuff tarefas-api@0.0.1
118 silly linkStuff tarefas-api@0.0.1 has /home/aluno/Área de Trabalho/barbara as its parent node_modules
119 verbose linkBins tarefas-api@0.0.1
120 verbose linkMans tarefas-api@0.0.1
121 silly install tarefas-api@0.0.1 /home/aluno/Área de Trabalho/barbara/2019-behappy-api/tarefas-api-c75c6e1d
122 info lifecycle tarefas-api@0.0.1~install: tarefas-api@0.0.1
123 silly lifecycle tarefas-api@0.0.1~install: no script for install, continuing
124 silly postinstall tarefas-api@0.0.1 /home/aluno/Área de Trabalho/barbara/2019-behappy-api/tarefas-api-c75c6e1d
125 info lifecycle tarefas-api@0.0.1~postinstall: tarefas-api@0.0.1
126 verbose lifecycle tarefas-api@0.0.1~postinstall: unsafe-perm in lifecycle true
127 verbose lifecycle tarefas-api@0.0.1~postinstall: PATH: /usr/share/npm/bin/node-gyp-bin:/home/aluno/Área de Trabalho/barbara/2019-behappy-api/node_modules/.bin:/usr/lib/jvm/java-11-openjdk-amd64/bin:/usr/local/sbin:/usr/local/bin:/usr/sbin:/usr/bin:/sbin:/bin:/usr/games:/usr/local/games:/snap/bin
128 verbose lifecycle tarefas-api@0.0.1~postinstall: CWD: /home/aluno/Área de Trabalho/barbara/2019-behappy-api
129 silly lifecycle tarefas-api@0.0.1~postinstall: Args: [ '-c', 'knex migrate:latest && knex seed:run' ]
130 silly lifecycle tarefas-api@0.0.1~postinstall: Returned: code: 1  signal: null
131 info lifecycle tarefas-api@0.0.1~postinstall: Failed to exec postinstall script
132 warn optional Skipping failed optional dependency /chokidar/fsevents:
133 warn notsup Not compatible with your operating system or architecture: fsevents@1.2.9
134 warn tarefas-api@0.0.1 No repository field.
135 verbose stack Error: tarefas-api@0.0.1 postinstall: `knex migrate:latest && knex seed:run`
135 verbose stack Exit status 1
135 verbose stack     at EventEmitter.<anonymous> (/usr/share/npm/lib/utils/lifecycle.js:232:16)
135 verbose stack     at emitTwo (events.js:126:13)
135 verbose stack     at EventEmitter.emit (events.js:214:7)
135 verbose stack     at ChildProcess.<anonymous> (/usr/share/npm/lib/utils/spawn.js:24:14)
135 verbose stack     at emitTwo (events.js:126:13)
135 verbose stack     at ChildProcess.emit (events.js:214:7)
135 verbose stack     at maybeClose (internal/child_process.js:925:16)
135 verbose stack     at Process.ChildProcess._handle.onexit (internal/child_process.js:209:5)
136 verbose pkgid tarefas-api@0.0.1
137 verbose cwd /home/aluno/Área de Trabalho/barbara/2019-behappy-api
138 error Linux 4.15.0-43-generic
139 error argv "/usr/bin/node" "/usr/bin/npm" "i"
140 error node v8.10.0
141 error npm  v3.5.2
142 error code ELIFECYCLE
143 error tarefas-api@0.0.1 postinstall: `knex migrate:latest && knex seed:run`
143 error Exit status 1
144 error Failed at the tarefas-api@0.0.1 postinstall script 'knex migrate:latest && knex seed:run'.
144 error Make sure you have the latest version of node.js and npm installed.
144 error If you do, this is most likely a problem with the tarefas-api package,
144 error not with npm itself.
144 error Tell the author that this fails on your system:
144 error     knex migrate:latest && knex seed:run
144 error You can get information on how to open an issue for this project with:
144 error     npm bugs tarefas-api
144 error Or if that isn't available, you can get their info via:
144 error     npm owner ls tarefas-api
144 error There is likely additional logging output above.
145 verbose exit [ 1, true ]
